TimeQuest Timing Analyzer report for soma4bit
Thu Oct 19 16:38:56 2023
Quartus II 64-Bit Version 13.0.1 Build 232 06/12/2013 Service Pack 1 SJ Web Edition


---------------------
; Table of Contents ;
---------------------
  1. Legal Notice
  2. TimeQuest Timing Analyzer Summary
  3. Parallel Compilation
  4. Clocks
  5. Slow Model Fmax Summary
  6. Slow Model Setup Summary
  7. Slow Model Hold Summary
  8. Slow Model Recovery Summary
  9. Slow Model Removal Summary
 10. Slow Model Minimum Pulse Width Summary
 11. Propagation Delay
 12. Minimum Propagation Delay
 13. Fast Model Setup Summary
 14. Fast Model Hold Summary
 15. Fast Model Recovery Summary
 16. Fast Model Removal Summary
 17. Fast Model Minimum Pulse Width Summary
 18. Propagation Delay
 19. Minimum Propagation Delay
 20. Multicorner Timing Analysis Summary
 21. Progagation Delay
 22. Minimum Progagation Delay
 23. Clock Transfers
 24. Report TCCS
 25. Report RSKM
 26. Unconstrained Paths
 27. TimeQuest Timing Analyzer Messages



----------------
; Legal Notice ;
----------------
Copyright (C) 1991-2013 Altera Corporation
Your use of Altera Corporation's design tools, logic functions 
and other software and tools, and its AMPP partner logic 
functions, and any output files from any of the foregoing 
(including device programming or simulation files), and any 
associated documentation or information are expressly subject 
to the terms and conditions of the Altera Program License 
Subscription Agreement, Altera MegaCore Function License 
Agreement, or other applicable license agreement, including, 
without limitation, that your use is for the sole purpose of 
programming logic devices manufactured by Altera and sold by 
Altera or its authorized distributors.  Please refer to the 
applicable agreement for further details.



+----------------------------------------------------------------------------------------+
; TimeQuest Timing Analyzer Summary                                                      ;
+--------------------+-------------------------------------------------------------------+
; Quartus II Version ; Version 13.0.1 Build 232 06/12/2013 Service Pack 1 SJ Web Edition ;
; Revision Name      ; soma4bit                                                          ;
; Device Family      ; Cyclone II                                                        ;
; Device Name        ; EP2C35F672C6                                                      ;
; Timing Models      ; Final                                                             ;
; Delay Model        ; Combined                                                          ;
; Rise/Fall Delays   ; Unavailable                                                       ;
+--------------------+-------------------------------------------------------------------+


Parallel compilation was disabled, but you have multiple processors available. Enable parallel compilation to reduce compilation time.
+-------------------------------------+
; Parallel Compilation                ;
+----------------------------+--------+
; Processors                 ; Number ;
+----------------------------+--------+
; Number detected on machine ; 8      ;
; Maximum allowed            ; 1      ;
+----------------------------+--------+


----------
; Clocks ;
----------
No clocks to report.


---------------------------
; Slow Model Fmax Summary ;
---------------------------
No paths to report.


----------------------------
; Slow Model Setup Summary ;
----------------------------
No paths to report.


---------------------------
; Slow Model Hold Summary ;
---------------------------
No paths to report.


-------------------------------
; Slow Model Recovery Summary ;
-------------------------------
No paths to report.


------------------------------
; Slow Model Removal Summary ;
------------------------------
No paths to report.


------------------------------------------
; Slow Model Minimum Pulse Width Summary ;
------------------------------------------
No paths to report.


+--------------------------------------------------------------+
; Propagation Delay                                            ;
+------------+-------------+--------+--------+--------+--------+
; Input Port ; Output Port ; RR     ; RF     ; FR     ; FF     ;
+------------+-------------+--------+--------+--------+--------+
; SW[0]      ; HEX0[0]     ; 14.111 ; 14.111 ; 14.111 ; 14.111 ;
; SW[0]      ; HEX0[1]     ; 13.798 ; 13.798 ; 13.798 ; 13.798 ;
; SW[0]      ; HEX0[2]     ; 14.104 ; 14.104 ; 14.104 ; 14.104 ;
; SW[0]      ; HEX0[3]     ; 13.645 ; 13.645 ; 13.645 ; 13.645 ;
; SW[0]      ; HEX0[4]     ; 13.162 ; 13.162 ; 13.162 ; 13.162 ;
; SW[0]      ; HEX0[5]     ; 13.631 ; 13.631 ; 13.631 ; 13.631 ;
; SW[0]      ; HEX0[6]     ; 13.637 ; 13.637 ; 13.637 ; 13.637 ;
; SW[0]      ; HEX1[0]     ; 12.555 ; 12.624 ; 12.624 ; 12.555 ;
; SW[0]      ; HEX1[2]     ; 12.311 ; 12.242 ; 12.242 ; 12.311 ;
; SW[0]      ; HEX1[3]     ; 12.545 ; 12.614 ; 12.614 ; 12.545 ;
; SW[0]      ; HEX1[4]     ; 11.647 ; 11.716 ; 11.716 ; 11.647 ;
; SW[0]      ; HEX1[5]     ; 12.240 ; 12.309 ; 12.309 ; 12.240 ;
; SW[0]      ; HEX1[6]     ; 10.331 ; 10.442 ; 10.442 ; 10.331 ;
; SW[1]      ; HEX0[0]     ; 12.457 ; 12.457 ; 12.457 ; 12.457 ;
; SW[1]      ; HEX0[1]     ; 12.144 ; 12.144 ; 12.144 ; 12.144 ;
; SW[1]      ; HEX0[2]     ; 12.450 ; 12.450 ; 12.450 ; 12.450 ;
; SW[1]      ; HEX0[3]     ; 11.991 ; 11.991 ; 11.991 ; 11.991 ;
; SW[1]      ; HEX0[4]     ; 11.508 ; 11.508 ; 11.508 ; 11.508 ;
; SW[1]      ; HEX0[5]     ; 11.977 ; 11.977 ; 11.977 ; 11.977 ;
; SW[1]      ; HEX0[6]     ; 11.983 ; 11.983 ; 11.983 ; 11.983 ;
; SW[1]      ; HEX1[0]     ; 10.901 ; 10.970 ; 10.970 ; 10.901 ;
; SW[1]      ; HEX1[2]     ; 10.657 ; 10.588 ; 10.588 ; 10.657 ;
; SW[1]      ; HEX1[3]     ; 10.891 ; 10.960 ; 10.960 ; 10.891 ;
; SW[1]      ; HEX1[4]     ; 9.993  ; 10.062 ; 10.062 ; 9.993  ;
; SW[1]      ; HEX1[5]     ; 10.586 ; 10.655 ; 10.655 ; 10.586 ;
; SW[1]      ; HEX1[6]     ; 8.677  ; 8.788  ; 8.788  ; 8.677  ;
; SW[2]      ; HEX0[0]     ; 13.166 ; 13.166 ; 13.166 ; 13.166 ;
; SW[2]      ; HEX0[1]     ; 12.853 ; 12.853 ; 12.853 ; 12.853 ;
; SW[2]      ; HEX0[2]     ; 13.159 ; 13.159 ; 13.159 ; 13.159 ;
; SW[2]      ; HEX0[3]     ; 12.700 ; 12.700 ; 12.700 ; 12.700 ;
; SW[2]      ; HEX0[4]     ; 12.217 ; 12.217 ; 12.217 ; 12.217 ;
; SW[2]      ; HEX0[5]     ; 12.686 ; 12.686 ; 12.686 ; 12.686 ;
; SW[2]      ; HEX0[6]     ; 12.692 ; 12.692 ; 12.692 ; 12.692 ;
; SW[2]      ; HEX1[0]     ; 11.610 ; 11.679 ; 11.679 ; 11.610 ;
; SW[2]      ; HEX1[2]     ; 11.366 ; 11.297 ; 11.297 ; 11.366 ;
; SW[2]      ; HEX1[3]     ; 11.600 ; 11.669 ; 11.669 ; 11.600 ;
; SW[2]      ; HEX1[4]     ; 10.702 ; 10.771 ; 10.771 ; 10.702 ;
; SW[2]      ; HEX1[5]     ; 11.295 ; 11.364 ; 11.364 ; 11.295 ;
; SW[2]      ; HEX1[6]     ; 9.386  ; 9.497  ; 9.497  ; 9.386  ;
; SW[3]      ; HEX0[0]     ; 11.740 ; 11.740 ; 11.740 ; 11.740 ;
; SW[3]      ; HEX0[1]     ; 11.427 ; 11.427 ; 11.427 ; 11.427 ;
; SW[3]      ; HEX0[2]     ; 11.733 ; 11.733 ; 11.733 ; 11.733 ;
; SW[3]      ; HEX0[3]     ; 11.274 ; 11.274 ; 11.274 ; 11.274 ;
; SW[3]      ; HEX0[4]     ; 10.791 ; 10.791 ; 10.791 ; 10.791 ;
; SW[3]      ; HEX0[5]     ; 11.260 ; 11.260 ; 11.260 ; 11.260 ;
; SW[3]      ; HEX0[6]     ; 11.266 ; 11.266 ; 11.266 ; 11.266 ;
; SW[3]      ; HEX1[0]     ; 10.102 ; 10.171 ; 10.171 ; 10.102 ;
; SW[3]      ; HEX1[2]     ; 9.858  ; 9.789  ; 9.789  ; 9.858  ;
; SW[3]      ; HEX1[3]     ; 10.092 ; 10.161 ; 10.161 ; 10.092 ;
; SW[3]      ; HEX1[4]     ; 9.194  ; 9.263  ; 9.263  ; 9.194  ;
; SW[3]      ; HEX1[5]     ; 9.787  ; 9.856  ; 9.856  ; 9.787  ;
; SW[3]      ; HEX1[6]     ; 7.798  ; 7.989  ; 7.989  ; 7.798  ;
; SW[10]     ; HEX0[0]     ; 14.214 ; 14.214 ; 14.214 ; 14.214 ;
; SW[10]     ; HEX0[1]     ; 13.901 ; 13.901 ; 13.901 ; 13.901 ;
; SW[10]     ; HEX0[2]     ; 14.207 ; 14.207 ; 14.207 ; 14.207 ;
; SW[10]     ; HEX0[3]     ; 13.748 ; 13.748 ; 13.748 ; 13.748 ;
; SW[10]     ; HEX0[4]     ; 13.265 ; 13.265 ; 13.265 ; 13.265 ;
; SW[10]     ; HEX0[5]     ; 13.734 ; 13.734 ; 13.734 ; 13.734 ;
; SW[10]     ; HEX0[6]     ; 13.740 ; 13.740 ; 13.740 ; 13.740 ;
; SW[10]     ; HEX1[0]     ; 12.658 ; 12.727 ; 12.727 ; 12.658 ;
; SW[10]     ; HEX1[2]     ; 12.414 ; 12.345 ; 12.345 ; 12.414 ;
; SW[10]     ; HEX1[3]     ; 12.648 ; 12.717 ; 12.717 ; 12.648 ;
; SW[10]     ; HEX1[4]     ; 11.750 ; 11.819 ; 11.819 ; 11.750 ;
; SW[10]     ; HEX1[5]     ; 12.343 ; 12.412 ; 12.412 ; 12.343 ;
; SW[10]     ; HEX1[6]     ; 10.434 ; 10.545 ; 10.545 ; 10.434 ;
; SW[14]     ; HEX0[0]     ; 18.403 ; 18.403 ; 18.403 ; 18.403 ;
; SW[14]     ; HEX0[1]     ; 18.090 ; 18.090 ; 18.090 ; 18.090 ;
; SW[14]     ; HEX0[2]     ; 18.396 ; 18.396 ; 18.396 ; 18.396 ;
; SW[14]     ; HEX0[3]     ; 17.937 ; 17.937 ; 17.937 ; 17.937 ;
; SW[14]     ; HEX0[4]     ; 17.454 ; 17.454 ; 17.454 ; 17.454 ;
; SW[14]     ; HEX0[5]     ; 17.923 ; 17.923 ; 17.923 ; 17.923 ;
; SW[14]     ; HEX0[6]     ; 17.929 ; 17.929 ; 17.929 ; 17.929 ;
; SW[14]     ; HEX1[0]     ; 16.847 ; 16.916 ; 16.916 ; 16.847 ;
; SW[14]     ; HEX1[2]     ; 16.603 ; 16.534 ; 16.534 ; 16.603 ;
; SW[14]     ; HEX1[3]     ; 16.837 ; 16.906 ; 16.906 ; 16.837 ;
; SW[14]     ; HEX1[4]     ; 15.939 ; 16.008 ; 16.008 ; 15.939 ;
; SW[14]     ; HEX1[5]     ; 16.532 ; 16.601 ; 16.601 ; 16.532 ;
; SW[14]     ; HEX1[6]     ; 14.623 ; 14.734 ; 14.734 ; 14.623 ;
; SW[15]     ; HEX0[0]     ; 17.528 ; 17.528 ; 17.528 ; 17.528 ;
; SW[15]     ; HEX0[1]     ; 17.215 ; 17.215 ; 17.215 ; 17.215 ;
; SW[15]     ; HEX0[2]     ; 17.521 ; 17.521 ; 17.521 ; 17.521 ;
; SW[15]     ; HEX0[3]     ; 17.062 ; 17.062 ; 17.062 ; 17.062 ;
; SW[15]     ; HEX0[4]     ; 16.579 ; 16.579 ; 16.579 ; 16.579 ;
; SW[15]     ; HEX0[5]     ; 17.048 ; 17.048 ; 17.048 ; 17.048 ;
; SW[15]     ; HEX0[6]     ; 17.054 ; 17.054 ; 17.054 ; 17.054 ;
; SW[15]     ; HEX1[0]     ; 15.972 ; 16.041 ; 16.041 ; 15.972 ;
; SW[15]     ; HEX1[2]     ; 15.728 ; 15.659 ; 15.659 ; 15.728 ;
; SW[15]     ; HEX1[3]     ; 15.962 ; 16.031 ; 16.031 ; 15.962 ;
; SW[15]     ; HEX1[4]     ; 15.064 ; 15.133 ; 15.133 ; 15.064 ;
; SW[15]     ; HEX1[5]     ; 15.657 ; 15.726 ; 15.726 ; 15.657 ;
; SW[15]     ; HEX1[6]     ; 13.748 ; 13.859 ; 13.859 ; 13.748 ;
; SW[16]     ; HEX0[0]     ; 18.165 ; 18.165 ; 18.165 ; 18.165 ;
; SW[16]     ; HEX0[1]     ; 17.852 ; 17.852 ; 17.852 ; 17.852 ;
; SW[16]     ; HEX0[2]     ; 18.158 ; 18.158 ; 18.158 ; 18.158 ;
; SW[16]     ; HEX0[3]     ; 17.699 ; 17.699 ; 17.699 ; 17.699 ;
; SW[16]     ; HEX0[4]     ; 17.216 ; 17.216 ; 17.216 ; 17.216 ;
; SW[16]     ; HEX0[5]     ; 17.685 ; 17.685 ; 17.685 ; 17.685 ;
; SW[16]     ; HEX0[6]     ; 17.691 ; 17.691 ; 17.691 ; 17.691 ;
; SW[16]     ; HEX1[0]     ; 16.609 ; 16.678 ; 16.678 ; 16.609 ;
; SW[16]     ; HEX1[2]     ; 16.365 ; 16.296 ; 16.296 ; 16.365 ;
; SW[16]     ; HEX1[3]     ; 16.599 ; 16.668 ; 16.668 ; 16.599 ;
; SW[16]     ; HEX1[4]     ; 15.701 ; 15.770 ; 15.770 ; 15.701 ;
; SW[16]     ; HEX1[5]     ; 16.294 ; 16.363 ; 16.363 ; 16.294 ;
; SW[16]     ; HEX1[6]     ; 14.385 ; 14.496 ; 14.496 ; 14.385 ;
; SW[17]     ; HEX0[0]     ; 16.762 ; 16.762 ; 16.762 ; 16.762 ;
; SW[17]     ; HEX0[1]     ; 16.449 ; 16.449 ; 16.449 ; 16.449 ;
; SW[17]     ; HEX0[2]     ; 16.755 ; 16.755 ; 16.755 ; 16.755 ;
; SW[17]     ; HEX0[3]     ; 16.296 ; 16.296 ; 16.296 ; 16.296 ;
; SW[17]     ; HEX0[4]     ; 15.813 ; 15.813 ; 15.813 ; 15.813 ;
; SW[17]     ; HEX0[5]     ; 16.282 ; 16.282 ; 16.282 ; 16.282 ;
; SW[17]     ; HEX0[6]     ; 16.288 ; 16.288 ; 16.288 ; 16.288 ;
; SW[17]     ; HEX1[0]     ; 15.245 ; 15.314 ; 15.314 ; 15.245 ;
; SW[17]     ; HEX1[2]     ; 15.001 ; 14.932 ; 14.932 ; 15.001 ;
; SW[17]     ; HEX1[3]     ; 15.235 ; 15.304 ; 15.304 ; 15.235 ;
; SW[17]     ; HEX1[4]     ; 14.337 ; 14.406 ; 14.406 ; 14.337 ;
; SW[17]     ; HEX1[5]     ; 14.930 ; 14.999 ; 14.999 ; 14.930 ;
; SW[17]     ; HEX1[6]     ; 13.020 ; 13.132 ; 13.132 ; 13.020 ;
+------------+-------------+--------+--------+--------+--------+


+--------------------------------------------------------------+
; Minimum Propagation Delay                                    ;
+------------+-------------+--------+--------+--------+--------+
; Input Port ; Output Port ; RR     ; RF     ; FR     ; FF     ;
+------------+-------------+--------+--------+--------+--------+
; SW[0]      ; HEX0[0]     ; 7.385  ; 7.385  ; 7.385  ; 7.385  ;
; SW[0]      ; HEX0[1]     ; 7.071  ; 7.071  ; 7.071  ; 7.071  ;
; SW[0]      ; HEX0[2]     ; 7.367  ; 7.367  ; 7.367  ; 7.367  ;
; SW[0]      ; HEX0[3]     ; 7.763  ; 7.763  ; 7.763  ; 7.763  ;
; SW[0]      ; HEX0[4]     ; 7.106  ; 7.106  ; 7.106  ; 7.106  ;
; SW[0]      ; HEX0[5]     ; 7.764  ; 7.764  ; 7.764  ; 7.764  ;
; SW[0]      ; HEX0[6]     ; 7.738  ; 7.738  ; 7.738  ; 7.738  ;
; SW[0]      ; HEX1[0]     ; 9.915  ; 9.915  ; 9.915  ; 9.915  ;
; SW[0]      ; HEX1[2]     ; 9.554  ; 9.554  ; 9.554  ; 9.554  ;
; SW[0]      ; HEX1[3]     ; 9.905  ; 9.905  ; 9.905  ; 9.905  ;
; SW[0]      ; HEX1[4]     ; 9.079  ; 9.079  ; 9.079  ; 9.079  ;
; SW[0]      ; HEX1[5]     ; 9.600  ; 9.600  ; 9.600  ; 9.600  ;
; SW[0]      ; HEX1[6]     ; 9.827  ; 9.827  ; 9.827  ; 9.827  ;
; SW[1]      ; HEX0[0]     ; 7.245  ; 7.245  ; 7.245  ; 7.245  ;
; SW[1]      ; HEX0[1]     ; 6.932  ; 6.932  ; 6.932  ; 6.932  ;
; SW[1]      ; HEX0[2]     ; 7.277  ; 7.277  ; 7.277  ; 7.277  ;
; SW[1]      ; HEX0[3]     ; 7.278  ; 7.278  ; 7.278  ; 7.278  ;
; SW[1]      ; HEX0[4]     ; 7.616  ; 7.616  ; 7.616  ; 7.616  ;
; SW[1]      ; HEX0[5]     ; 7.276  ; 7.276  ; 7.276  ; 7.276  ;
; SW[1]      ; HEX0[6]     ; 7.258  ; 7.258  ; 7.258  ; 7.258  ;
; SW[1]      ; HEX1[0]     ; 8.026  ; 8.026  ; 8.026  ; 8.026  ;
; SW[1]      ; HEX1[2]     ; 7.713  ; 7.713  ; 7.713  ; 7.713  ;
; SW[1]      ; HEX1[3]     ; 8.016  ; 8.016  ; 8.016  ; 8.016  ;
; SW[1]      ; HEX1[4]     ; 7.118  ; 7.118  ; 7.118  ; 7.118  ;
; SW[1]      ; HEX1[5]     ; 7.711  ; 7.711  ; 7.711  ; 7.711  ;
; SW[1]      ; HEX1[6]     ; 8.161  ; 8.161  ; 8.161  ; 8.161  ;
; SW[2]      ; HEX0[0]     ; 9.269  ; 9.269  ; 9.269  ; 9.269  ;
; SW[2]      ; HEX0[1]     ; 8.956  ; 8.956  ; 8.956  ; 8.956  ;
; SW[2]      ; HEX0[2]     ; 9.262  ; 9.262  ; 9.262  ; 9.262  ;
; SW[2]      ; HEX0[3]     ; 8.765  ; 8.765  ; 8.765  ; 8.765  ;
; SW[2]      ; HEX0[4]     ; 8.428  ; 8.428  ; 8.428  ; 8.428  ;
; SW[2]      ; HEX0[5]     ; 8.739  ; 8.739  ; 8.739  ; 8.739  ;
; SW[2]      ; HEX0[6]     ; 8.727  ; 8.727  ; 8.727  ; 8.727  ;
; SW[2]      ; HEX1[0]     ; 8.481  ; 7.736  ; 7.736  ; 8.481  ;
; SW[2]      ; HEX1[2]     ; 7.375  ; 8.161  ; 8.161  ; 7.375  ;
; SW[2]      ; HEX1[3]     ; 8.471  ; 7.726  ; 7.726  ; 8.471  ;
; SW[2]      ; HEX1[4]     ; 7.573  ; 8.086  ; 8.086  ; 7.573  ;
; SW[2]      ; HEX1[5]     ; 7.421  ; 8.207  ; 8.207  ; 7.421  ;
; SW[2]      ; HEX1[6]     ; 8.434  ; 7.648  ; 7.648  ; 8.434  ;
; SW[3]      ; HEX0[0]     ; 8.677  ; 8.677  ; 8.677  ; 8.677  ;
; SW[3]      ; HEX0[1]     ; 9.203  ; 9.203  ; 9.203  ; 9.203  ;
; SW[3]      ; HEX0[2]     ; 9.524  ; 9.548  ; 9.548  ; 9.524  ;
; SW[3]      ; HEX0[3]     ; 8.277  ; 8.277  ; 8.277  ; 8.277  ;
; SW[3]      ; HEX0[4]     ; 8.598  ; 8.598  ; 8.598  ; 8.598  ;
; SW[3]      ; HEX0[5]     ; 8.282  ; 8.282  ; 8.282  ; 8.282  ;
; SW[3]      ; HEX0[6]     ; 8.095  ; 8.095  ; 8.095  ; 8.095  ;
; SW[3]      ; HEX1[0]     ; 7.886  ; 7.886  ; 7.886  ; 7.886  ;
; SW[3]      ; HEX1[2]     ; 7.525  ; 7.525  ; 7.525  ; 7.525  ;
; SW[3]      ; HEX1[3]     ; 7.876  ; 7.876  ; 7.876  ; 7.876  ;
; SW[3]      ; HEX1[4]     ; 7.450  ; 7.450  ; 7.450  ; 7.450  ;
; SW[3]      ; HEX1[5]     ; 7.571  ; 7.571  ; 7.571  ; 7.571  ;
; SW[3]      ; HEX1[6]     ; 7.798  ; 7.798  ; 7.798  ; 7.798  ;
; SW[10]     ; HEX0[0]     ; 7.488  ; 7.488  ; 7.488  ; 7.488  ;
; SW[10]     ; HEX0[1]     ; 7.174  ; 7.174  ; 7.174  ; 7.174  ;
; SW[10]     ; HEX0[2]     ; 7.470  ; 7.470  ; 7.470  ; 7.470  ;
; SW[10]     ; HEX0[3]     ; 7.866  ; 7.866  ; 7.866  ; 7.866  ;
; SW[10]     ; HEX0[4]     ; 7.209  ; 7.209  ; 7.209  ; 7.209  ;
; SW[10]     ; HEX0[5]     ; 7.867  ; 7.867  ; 7.867  ; 7.867  ;
; SW[10]     ; HEX0[6]     ; 7.841  ; 7.841  ; 7.841  ; 7.841  ;
; SW[10]     ; HEX1[0]     ; 10.018 ; 10.018 ; 10.018 ; 10.018 ;
; SW[10]     ; HEX1[2]     ; 9.657  ; 9.657  ; 9.657  ; 9.657  ;
; SW[10]     ; HEX1[3]     ; 10.008 ; 10.008 ; 10.008 ; 10.008 ;
; SW[10]     ; HEX1[4]     ; 9.182  ; 9.182  ; 9.182  ; 9.182  ;
; SW[10]     ; HEX1[5]     ; 9.703  ; 9.703  ; 9.703  ; 9.703  ;
; SW[10]     ; HEX1[6]     ; 9.930  ; 9.930  ; 9.930  ; 9.930  ;
; SW[14]     ; HEX0[0]     ; 11.678 ; 11.678 ; 11.678 ; 11.678 ;
; SW[14]     ; HEX0[1]     ; 11.364 ; 11.364 ; 11.364 ; 11.364 ;
; SW[14]     ; HEX0[2]     ; 11.660 ; 11.660 ; 11.660 ; 11.660 ;
; SW[14]     ; HEX0[3]     ; 12.056 ; 12.056 ; 12.056 ; 12.056 ;
; SW[14]     ; HEX0[4]     ; 11.399 ; 11.399 ; 11.399 ; 11.399 ;
; SW[14]     ; HEX0[5]     ; 12.057 ; 12.057 ; 12.057 ; 12.057 ;
; SW[14]     ; HEX0[6]     ; 12.031 ; 12.031 ; 12.031 ; 12.031 ;
; SW[14]     ; HEX1[0]     ; 14.207 ; 14.207 ; 14.207 ; 14.207 ;
; SW[14]     ; HEX1[2]     ; 13.846 ; 13.846 ; 13.846 ; 13.846 ;
; SW[14]     ; HEX1[3]     ; 14.197 ; 14.197 ; 14.197 ; 14.197 ;
; SW[14]     ; HEX1[4]     ; 13.371 ; 13.371 ; 13.371 ; 13.371 ;
; SW[14]     ; HEX1[5]     ; 13.892 ; 13.892 ; 13.892 ; 13.892 ;
; SW[14]     ; HEX1[6]     ; 14.119 ; 14.119 ; 14.119 ; 14.119 ;
; SW[15]     ; HEX0[0]     ; 12.316 ; 12.316 ; 12.316 ; 12.316 ;
; SW[15]     ; HEX0[1]     ; 12.003 ; 12.003 ; 12.003 ; 12.003 ;
; SW[15]     ; HEX0[2]     ; 12.348 ; 12.348 ; 12.348 ; 12.348 ;
; SW[15]     ; HEX0[3]     ; 12.349 ; 12.349 ; 12.349 ; 12.349 ;
; SW[15]     ; HEX0[4]     ; 12.687 ; 12.687 ; 12.687 ; 12.687 ;
; SW[15]     ; HEX0[5]     ; 12.347 ; 12.347 ; 12.347 ; 12.347 ;
; SW[15]     ; HEX0[6]     ; 12.329 ; 12.329 ; 12.329 ; 12.329 ;
; SW[15]     ; HEX1[0]     ; 12.826 ; 12.826 ; 12.826 ; 12.826 ;
; SW[15]     ; HEX1[2]     ; 12.513 ; 12.513 ; 12.513 ; 12.513 ;
; SW[15]     ; HEX1[3]     ; 12.816 ; 12.816 ; 12.816 ; 12.816 ;
; SW[15]     ; HEX1[4]     ; 11.918 ; 11.918 ; 11.918 ; 11.918 ;
; SW[15]     ; HEX1[5]     ; 12.511 ; 12.511 ; 12.511 ; 12.511 ;
; SW[15]     ; HEX1[6]     ; 13.230 ; 13.230 ; 13.230 ; 13.230 ;
; SW[16]     ; HEX0[0]     ; 14.300 ; 14.300 ; 14.300 ; 14.300 ;
; SW[16]     ; HEX0[1]     ; 13.987 ; 13.987 ; 13.987 ; 13.987 ;
; SW[16]     ; HEX0[2]     ; 14.293 ; 14.293 ; 14.293 ; 14.293 ;
; SW[16]     ; HEX0[3]     ; 13.796 ; 13.796 ; 13.796 ; 13.796 ;
; SW[16]     ; HEX0[4]     ; 13.459 ; 13.459 ; 13.459 ; 13.459 ;
; SW[16]     ; HEX0[5]     ; 13.770 ; 13.770 ; 13.770 ; 13.770 ;
; SW[16]     ; HEX0[6]     ; 13.758 ; 13.758 ; 13.758 ; 13.758 ;
; SW[16]     ; HEX1[0]     ; 13.511 ; 12.766 ; 12.766 ; 13.511 ;
; SW[16]     ; HEX1[2]     ; 12.405 ; 13.188 ; 13.188 ; 12.405 ;
; SW[16]     ; HEX1[3]     ; 13.501 ; 12.756 ; 12.756 ; 13.501 ;
; SW[16]     ; HEX1[4]     ; 12.603 ; 13.113 ; 13.113 ; 12.603 ;
; SW[16]     ; HEX1[5]     ; 12.451 ; 13.234 ; 13.234 ; 12.451 ;
; SW[16]     ; HEX1[6]     ; 13.461 ; 12.678 ; 12.678 ; 13.461 ;
; SW[17]     ; HEX0[0]     ; 13.899 ; 13.899 ; 13.899 ; 13.899 ;
; SW[17]     ; HEX0[1]     ; 14.425 ; 14.425 ; 14.425 ; 14.425 ;
; SW[17]     ; HEX0[2]     ; 14.746 ; 14.770 ; 14.770 ; 14.746 ;
; SW[17]     ; HEX0[3]     ; 13.499 ; 13.499 ; 13.499 ; 13.499 ;
; SW[17]     ; HEX0[4]     ; 13.820 ; 13.820 ; 13.820 ; 13.820 ;
; SW[17]     ; HEX0[5]     ; 13.504 ; 13.504 ; 13.504 ; 13.504 ;
; SW[17]     ; HEX0[6]     ; 13.317 ; 13.317 ; 13.317 ; 13.317 ;
; SW[17]     ; HEX1[0]     ; 13.108 ; 13.108 ; 13.108 ; 13.108 ;
; SW[17]     ; HEX1[2]     ; 12.747 ; 12.747 ; 12.747 ; 12.747 ;
; SW[17]     ; HEX1[3]     ; 13.098 ; 13.098 ; 13.098 ; 13.098 ;
; SW[17]     ; HEX1[4]     ; 12.672 ; 12.672 ; 12.672 ; 12.672 ;
; SW[17]     ; HEX1[5]     ; 12.793 ; 12.793 ; 12.793 ; 12.793 ;
; SW[17]     ; HEX1[6]     ; 13.020 ; 13.020 ; 13.020 ; 13.020 ;
+------------+-------------+--------+--------+--------+--------+


----------------------------
; Fast Model Setup Summary ;
----------------------------
No paths to report.


---------------------------
; Fast Model Hold Summary ;
---------------------------
No paths to report.


-------------------------------
; Fast Model Recovery Summary ;
-------------------------------
No paths to report.


------------------------------
; Fast Model Removal Summary ;
------------------------------
No paths to report.


------------------------------------------
; Fast Model Minimum Pulse Width Summary ;
------------------------------------------
No paths to report.


+----------------------------------------------------------+
; Propagation Delay                                        ;
+------------+-------------+-------+-------+-------+-------+
; Input Port ; Output Port ; RR    ; RF    ; FR    ; FF    ;
+------------+-------------+-------+-------+-------+-------+
; SW[0]      ; HEX0[0]     ; 6.591 ; 6.591 ; 6.591 ; 6.591 ;
; SW[0]      ; HEX0[1]     ; 6.442 ; 6.442 ; 6.442 ; 6.442 ;
; SW[0]      ; HEX0[2]     ; 6.603 ; 6.603 ; 6.603 ; 6.603 ;
; SW[0]      ; HEX0[3]     ; 6.394 ; 6.394 ; 6.394 ; 6.394 ;
; SW[0]      ; HEX0[4]     ; 6.197 ; 6.197 ; 6.197 ; 6.197 ;
; SW[0]      ; HEX0[5]     ; 6.372 ; 6.372 ; 6.372 ; 6.372 ;
; SW[0]      ; HEX0[6]     ; 6.382 ; 6.382 ; 6.382 ; 6.382 ;
; SW[0]      ; HEX1[0]     ; 5.950 ; 5.957 ; 5.957 ; 5.950 ;
; SW[0]      ; HEX1[2]     ; 5.805 ; 5.798 ; 5.798 ; 5.805 ;
; SW[0]      ; HEX1[3]     ; 5.940 ; 5.947 ; 5.947 ; 5.940 ;
; SW[0]      ; HEX1[4]     ; 5.541 ; 5.548 ; 5.548 ; 5.541 ;
; SW[0]      ; HEX1[5]     ; 5.813 ; 5.820 ; 5.820 ; 5.813 ;
; SW[0]      ; HEX1[6]     ; 5.025 ; 5.070 ; 5.070 ; 5.025 ;
; SW[1]      ; HEX0[0]     ; 5.800 ; 5.800 ; 5.800 ; 5.800 ;
; SW[1]      ; HEX0[1]     ; 5.651 ; 5.651 ; 5.651 ; 5.651 ;
; SW[1]      ; HEX0[2]     ; 5.812 ; 5.812 ; 5.812 ; 5.812 ;
; SW[1]      ; HEX0[3]     ; 5.603 ; 5.603 ; 5.603 ; 5.603 ;
; SW[1]      ; HEX0[4]     ; 5.406 ; 5.406 ; 5.406 ; 5.406 ;
; SW[1]      ; HEX0[5]     ; 5.581 ; 5.581 ; 5.581 ; 5.581 ;
; SW[1]      ; HEX0[6]     ; 5.591 ; 5.591 ; 5.591 ; 5.591 ;
; SW[1]      ; HEX1[0]     ; 5.159 ; 5.166 ; 5.166 ; 5.159 ;
; SW[1]      ; HEX1[2]     ; 5.014 ; 5.007 ; 5.007 ; 5.014 ;
; SW[1]      ; HEX1[3]     ; 5.149 ; 5.156 ; 5.156 ; 5.149 ;
; SW[1]      ; HEX1[4]     ; 4.750 ; 4.757 ; 4.757 ; 4.750 ;
; SW[1]      ; HEX1[5]     ; 5.022 ; 5.029 ; 5.029 ; 5.022 ;
; SW[1]      ; HEX1[6]     ; 4.234 ; 4.279 ; 4.279 ; 4.234 ;
; SW[2]      ; HEX0[0]     ; 6.097 ; 6.097 ; 6.097 ; 6.097 ;
; SW[2]      ; HEX0[1]     ; 5.948 ; 5.948 ; 5.948 ; 5.948 ;
; SW[2]      ; HEX0[2]     ; 6.109 ; 6.109 ; 6.109 ; 6.109 ;
; SW[2]      ; HEX0[3]     ; 5.900 ; 5.900 ; 5.900 ; 5.900 ;
; SW[2]      ; HEX0[4]     ; 5.703 ; 5.703 ; 5.703 ; 5.703 ;
; SW[2]      ; HEX0[5]     ; 5.878 ; 5.878 ; 5.878 ; 5.878 ;
; SW[2]      ; HEX0[6]     ; 5.888 ; 5.888 ; 5.888 ; 5.888 ;
; SW[2]      ; HEX1[0]     ; 5.456 ; 5.463 ; 5.463 ; 5.456 ;
; SW[2]      ; HEX1[2]     ; 5.311 ; 5.304 ; 5.304 ; 5.311 ;
; SW[2]      ; HEX1[3]     ; 5.446 ; 5.453 ; 5.453 ; 5.446 ;
; SW[2]      ; HEX1[4]     ; 5.047 ; 5.054 ; 5.054 ; 5.047 ;
; SW[2]      ; HEX1[5]     ; 5.319 ; 5.326 ; 5.326 ; 5.319 ;
; SW[2]      ; HEX1[6]     ; 4.531 ; 4.576 ; 4.576 ; 4.531 ;
; SW[3]      ; HEX0[0]     ; 5.492 ; 5.492 ; 5.492 ; 5.492 ;
; SW[3]      ; HEX0[1]     ; 5.343 ; 5.343 ; 5.343 ; 5.343 ;
; SW[3]      ; HEX0[2]     ; 5.504 ; 5.504 ; 5.504 ; 5.504 ;
; SW[3]      ; HEX0[3]     ; 5.295 ; 5.295 ; 5.295 ; 5.295 ;
; SW[3]      ; HEX0[4]     ; 5.098 ; 5.098 ; 5.098 ; 5.098 ;
; SW[3]      ; HEX0[5]     ; 5.273 ; 5.273 ; 5.273 ; 5.273 ;
; SW[3]      ; HEX0[6]     ; 5.283 ; 5.283 ; 5.283 ; 5.283 ;
; SW[3]      ; HEX1[0]     ; 4.826 ; 4.833 ; 4.833 ; 4.826 ;
; SW[3]      ; HEX1[2]     ; 4.681 ; 4.674 ; 4.674 ; 4.681 ;
; SW[3]      ; HEX1[3]     ; 4.816 ; 4.823 ; 4.823 ; 4.816 ;
; SW[3]      ; HEX1[4]     ; 4.417 ; 4.424 ; 4.424 ; 4.417 ;
; SW[3]      ; HEX1[5]     ; 4.689 ; 4.696 ; 4.696 ; 4.689 ;
; SW[3]      ; HEX1[6]     ; 3.863 ; 3.946 ; 3.946 ; 3.863 ;
; SW[10]     ; HEX0[0]     ; 6.655 ; 6.655 ; 6.655 ; 6.655 ;
; SW[10]     ; HEX0[1]     ; 6.506 ; 6.506 ; 6.506 ; 6.506 ;
; SW[10]     ; HEX0[2]     ; 6.667 ; 6.667 ; 6.667 ; 6.667 ;
; SW[10]     ; HEX0[3]     ; 6.458 ; 6.458 ; 6.458 ; 6.458 ;
; SW[10]     ; HEX0[4]     ; 6.261 ; 6.261 ; 6.261 ; 6.261 ;
; SW[10]     ; HEX0[5]     ; 6.436 ; 6.436 ; 6.436 ; 6.436 ;
; SW[10]     ; HEX0[6]     ; 6.446 ; 6.446 ; 6.446 ; 6.446 ;
; SW[10]     ; HEX1[0]     ; 6.014 ; 6.021 ; 6.021 ; 6.014 ;
; SW[10]     ; HEX1[2]     ; 5.869 ; 5.862 ; 5.862 ; 5.869 ;
; SW[10]     ; HEX1[3]     ; 6.004 ; 6.011 ; 6.011 ; 6.004 ;
; SW[10]     ; HEX1[4]     ; 5.605 ; 5.612 ; 5.612 ; 5.605 ;
; SW[10]     ; HEX1[5]     ; 5.877 ; 5.884 ; 5.884 ; 5.877 ;
; SW[10]     ; HEX1[6]     ; 5.089 ; 5.134 ; 5.134 ; 5.089 ;
; SW[14]     ; HEX0[0]     ; 9.224 ; 9.224 ; 9.224 ; 9.224 ;
; SW[14]     ; HEX0[1]     ; 9.075 ; 9.075 ; 9.075 ; 9.075 ;
; SW[14]     ; HEX0[2]     ; 9.236 ; 9.236 ; 9.236 ; 9.236 ;
; SW[14]     ; HEX0[3]     ; 9.027 ; 9.027 ; 9.027 ; 9.027 ;
; SW[14]     ; HEX0[4]     ; 8.830 ; 8.830 ; 8.830 ; 8.830 ;
; SW[14]     ; HEX0[5]     ; 9.005 ; 9.005 ; 9.005 ; 9.005 ;
; SW[14]     ; HEX0[6]     ; 9.015 ; 9.015 ; 9.015 ; 9.015 ;
; SW[14]     ; HEX1[0]     ; 8.583 ; 8.590 ; 8.590 ; 8.583 ;
; SW[14]     ; HEX1[2]     ; 8.438 ; 8.431 ; 8.431 ; 8.438 ;
; SW[14]     ; HEX1[3]     ; 8.573 ; 8.580 ; 8.580 ; 8.573 ;
; SW[14]     ; HEX1[4]     ; 8.174 ; 8.181 ; 8.181 ; 8.174 ;
; SW[14]     ; HEX1[5]     ; 8.446 ; 8.453 ; 8.453 ; 8.446 ;
; SW[14]     ; HEX1[6]     ; 7.658 ; 7.703 ; 7.703 ; 7.658 ;
; SW[15]     ; HEX0[0]     ; 8.838 ; 8.838 ; 8.838 ; 8.838 ;
; SW[15]     ; HEX0[1]     ; 8.689 ; 8.689 ; 8.689 ; 8.689 ;
; SW[15]     ; HEX0[2]     ; 8.850 ; 8.850 ; 8.850 ; 8.850 ;
; SW[15]     ; HEX0[3]     ; 8.641 ; 8.641 ; 8.641 ; 8.641 ;
; SW[15]     ; HEX0[4]     ; 8.444 ; 8.444 ; 8.444 ; 8.444 ;
; SW[15]     ; HEX0[5]     ; 8.619 ; 8.619 ; 8.619 ; 8.619 ;
; SW[15]     ; HEX0[6]     ; 8.629 ; 8.629 ; 8.629 ; 8.629 ;
; SW[15]     ; HEX1[0]     ; 8.197 ; 8.204 ; 8.204 ; 8.197 ;
; SW[15]     ; HEX1[2]     ; 8.052 ; 8.045 ; 8.045 ; 8.052 ;
; SW[15]     ; HEX1[3]     ; 8.187 ; 8.194 ; 8.194 ; 8.187 ;
; SW[15]     ; HEX1[4]     ; 7.788 ; 7.795 ; 7.795 ; 7.788 ;
; SW[15]     ; HEX1[5]     ; 8.060 ; 8.067 ; 8.067 ; 8.060 ;
; SW[15]     ; HEX1[6]     ; 7.272 ; 7.317 ; 7.317 ; 7.272 ;
; SW[16]     ; HEX0[0]     ; 9.098 ; 9.098 ; 9.098 ; 9.098 ;
; SW[16]     ; HEX0[1]     ; 8.949 ; 8.949 ; 8.949 ; 8.949 ;
; SW[16]     ; HEX0[2]     ; 9.110 ; 9.110 ; 9.110 ; 9.110 ;
; SW[16]     ; HEX0[3]     ; 8.901 ; 8.901 ; 8.901 ; 8.901 ;
; SW[16]     ; HEX0[4]     ; 8.704 ; 8.704 ; 8.704 ; 8.704 ;
; SW[16]     ; HEX0[5]     ; 8.879 ; 8.879 ; 8.879 ; 8.879 ;
; SW[16]     ; HEX0[6]     ; 8.889 ; 8.889 ; 8.889 ; 8.889 ;
; SW[16]     ; HEX1[0]     ; 8.457 ; 8.464 ; 8.464 ; 8.457 ;
; SW[16]     ; HEX1[2]     ; 8.312 ; 8.305 ; 8.305 ; 8.312 ;
; SW[16]     ; HEX1[3]     ; 8.447 ; 8.454 ; 8.454 ; 8.447 ;
; SW[16]     ; HEX1[4]     ; 8.048 ; 8.055 ; 8.055 ; 8.048 ;
; SW[16]     ; HEX1[5]     ; 8.320 ; 8.327 ; 8.327 ; 8.320 ;
; SW[16]     ; HEX1[6]     ; 7.532 ; 7.577 ; 7.577 ; 7.532 ;
; SW[17]     ; HEX0[0]     ; 8.482 ; 8.482 ; 8.482 ; 8.482 ;
; SW[17]     ; HEX0[1]     ; 8.333 ; 8.333 ; 8.333 ; 8.333 ;
; SW[17]     ; HEX0[2]     ; 8.494 ; 8.494 ; 8.494 ; 8.494 ;
; SW[17]     ; HEX0[3]     ; 8.285 ; 8.285 ; 8.285 ; 8.285 ;
; SW[17]     ; HEX0[4]     ; 8.088 ; 8.088 ; 8.088 ; 8.088 ;
; SW[17]     ; HEX0[5]     ; 8.263 ; 8.263 ; 8.263 ; 8.263 ;
; SW[17]     ; HEX0[6]     ; 8.273 ; 8.273 ; 8.273 ; 8.273 ;
; SW[17]     ; HEX1[0]     ; 7.877 ; 7.884 ; 7.884 ; 7.877 ;
; SW[17]     ; HEX1[2]     ; 7.732 ; 7.725 ; 7.725 ; 7.732 ;
; SW[17]     ; HEX1[3]     ; 7.867 ; 7.874 ; 7.874 ; 7.867 ;
; SW[17]     ; HEX1[4]     ; 7.468 ; 7.475 ; 7.475 ; 7.468 ;
; SW[17]     ; HEX1[5]     ; 7.740 ; 7.747 ; 7.747 ; 7.740 ;
; SW[17]     ; HEX1[6]     ; 6.944 ; 6.997 ; 6.997 ; 6.944 ;
+------------+-------------+-------+-------+-------+-------+


+----------------------------------------------------------+
; Minimum Propagation Delay                                ;
+------------+-------------+-------+-------+-------+-------+
; Input Port ; Output Port ; RR    ; RF    ; FR    ; FF    ;
+------------+-------------+-------+-------+-------+-------+
; SW[0]      ; HEX0[0]     ; 3.730 ; 3.730 ; 3.730 ; 3.730 ;
; SW[0]      ; HEX0[1]     ; 3.577 ; 3.577 ; 3.577 ; 3.577 ;
; SW[0]      ; HEX0[2]     ; 3.742 ; 3.742 ; 3.742 ; 3.742 ;
; SW[0]      ; HEX0[3]     ; 3.908 ; 3.908 ; 3.908 ; 3.908 ;
; SW[0]      ; HEX0[4]     ; 3.625 ; 3.625 ; 3.625 ; 3.625 ;
; SW[0]      ; HEX0[5]     ; 3.896 ; 3.896 ; 3.896 ; 3.896 ;
; SW[0]      ; HEX0[6]     ; 3.883 ; 3.883 ; 3.883 ; 3.883 ;
; SW[0]      ; HEX1[0]     ; 4.834 ; 4.834 ; 4.834 ; 4.834 ;
; SW[0]      ; HEX1[2]     ; 4.678 ; 4.678 ; 4.678 ; 4.678 ;
; SW[0]      ; HEX1[3]     ; 4.824 ; 4.824 ; 4.824 ; 4.824 ;
; SW[0]      ; HEX1[4]     ; 4.453 ; 4.453 ; 4.453 ; 4.453 ;
; SW[0]      ; HEX1[5]     ; 4.673 ; 4.673 ; 4.673 ; 4.673 ;
; SW[0]      ; HEX1[6]     ; 4.825 ; 4.825 ; 4.825 ; 4.825 ;
; SW[1]      ; HEX0[0]     ; 3.594 ; 3.594 ; 3.594 ; 3.594 ;
; SW[1]      ; HEX0[1]     ; 3.438 ; 3.438 ; 3.438 ; 3.438 ;
; SW[1]      ; HEX0[2]     ; 3.606 ; 3.606 ; 3.606 ; 3.606 ;
; SW[1]      ; HEX0[3]     ; 3.620 ; 3.620 ; 3.620 ; 3.620 ;
; SW[1]      ; HEX0[4]     ; 3.777 ; 3.777 ; 3.777 ; 3.777 ;
; SW[1]      ; HEX0[5]     ; 3.607 ; 3.607 ; 3.607 ; 3.607 ;
; SW[1]      ; HEX0[6]     ; 3.597 ; 3.597 ; 3.597 ; 3.597 ;
; SW[1]      ; HEX1[0]     ; 3.942 ; 3.942 ; 3.942 ; 3.942 ;
; SW[1]      ; HEX1[2]     ; 3.790 ; 3.790 ; 3.790 ; 3.790 ;
; SW[1]      ; HEX1[3]     ; 3.932 ; 3.932 ; 3.932 ; 3.932 ;
; SW[1]      ; HEX1[4]     ; 3.533 ; 3.533 ; 3.533 ; 3.533 ;
; SW[1]      ; HEX1[5]     ; 3.805 ; 3.805 ; 3.805 ; 3.805 ;
; SW[1]      ; HEX1[6]     ; 4.022 ; 4.022 ; 4.022 ; 4.022 ;
; SW[2]      ; HEX0[0]     ; 4.469 ; 4.469 ; 4.469 ; 4.469 ;
; SW[2]      ; HEX0[1]     ; 4.320 ; 4.320 ; 4.320 ; 4.320 ;
; SW[2]      ; HEX0[2]     ; 4.481 ; 4.481 ; 4.481 ; 4.481 ;
; SW[2]      ; HEX0[3]     ; 4.254 ; 4.254 ; 4.254 ; 4.254 ;
; SW[2]      ; HEX0[4]     ; 4.098 ; 4.098 ; 4.098 ; 4.098 ;
; SW[2]      ; HEX0[5]     ; 4.241 ; 4.241 ; 4.241 ; 4.241 ;
; SW[2]      ; HEX0[6]     ; 4.225 ; 4.215 ; 4.215 ; 4.225 ;
; SW[2]      ; HEX1[0]     ; 4.113 ; 3.797 ; 3.797 ; 4.113 ;
; SW[2]      ; HEX1[2]     ; 3.641 ; 3.961 ; 3.961 ; 3.641 ;
; SW[2]      ; HEX1[3]     ; 4.103 ; 3.787 ; 3.787 ; 4.103 ;
; SW[2]      ; HEX1[4]     ; 3.704 ; 3.926 ; 3.926 ; 3.704 ;
; SW[2]      ; HEX1[5]     ; 3.636 ; 3.972 ; 3.972 ; 3.636 ;
; SW[2]      ; HEX1[6]     ; 4.124 ; 3.788 ; 3.788 ; 4.124 ;
; SW[3]      ; HEX0[0]     ; 4.231 ; 4.231 ; 4.231 ; 4.231 ;
; SW[3]      ; HEX0[1]     ; 4.417 ; 4.405 ; 4.405 ; 4.417 ;
; SW[3]      ; HEX0[2]     ; 4.566 ; 4.578 ; 4.578 ; 4.566 ;
; SW[3]      ; HEX0[3]     ; 4.058 ; 4.058 ; 4.058 ; 4.058 ;
; SW[3]      ; HEX0[4]     ; 4.163 ; 4.163 ; 4.163 ; 4.163 ;
; SW[3]      ; HEX0[5]     ; 4.050 ; 4.050 ; 4.050 ; 4.050 ;
; SW[3]      ; HEX0[6]     ; 3.964 ; 3.964 ; 3.964 ; 3.964 ;
; SW[3]      ; HEX1[0]     ; 3.872 ; 3.872 ; 3.872 ; 3.872 ;
; SW[3]      ; HEX1[2]     ; 3.716 ; 3.716 ; 3.716 ; 3.716 ;
; SW[3]      ; HEX1[3]     ; 3.862 ; 3.862 ; 3.862 ; 3.862 ;
; SW[3]      ; HEX1[4]     ; 3.658 ; 3.665 ; 3.665 ; 3.658 ;
; SW[3]      ; HEX1[5]     ; 3.711 ; 3.711 ; 3.711 ; 3.711 ;
; SW[3]      ; HEX1[6]     ; 3.863 ; 3.863 ; 3.863 ; 3.863 ;
; SW[10]     ; HEX0[0]     ; 3.800 ; 3.800 ; 3.800 ; 3.800 ;
; SW[10]     ; HEX0[1]     ; 3.647 ; 3.647 ; 3.647 ; 3.647 ;
; SW[10]     ; HEX0[2]     ; 3.812 ; 3.812 ; 3.812 ; 3.812 ;
; SW[10]     ; HEX0[3]     ; 3.978 ; 3.978 ; 3.978 ; 3.978 ;
; SW[10]     ; HEX0[4]     ; 3.695 ; 3.695 ; 3.695 ; 3.695 ;
; SW[10]     ; HEX0[5]     ; 3.966 ; 3.966 ; 3.966 ; 3.966 ;
; SW[10]     ; HEX0[6]     ; 3.953 ; 3.953 ; 3.953 ; 3.953 ;
; SW[10]     ; HEX1[0]     ; 4.898 ; 4.898 ; 4.898 ; 4.898 ;
; SW[10]     ; HEX1[2]     ; 4.742 ; 4.742 ; 4.742 ; 4.742 ;
; SW[10]     ; HEX1[3]     ; 4.888 ; 4.888 ; 4.888 ; 4.888 ;
; SW[10]     ; HEX1[4]     ; 4.517 ; 4.517 ; 4.517 ; 4.517 ;
; SW[10]     ; HEX1[5]     ; 4.737 ; 4.737 ; 4.737 ; 4.737 ;
; SW[10]     ; HEX1[6]     ; 4.889 ; 4.889 ; 4.889 ; 4.889 ;
; SW[14]     ; HEX0[0]     ; 6.369 ; 6.369 ; 6.369 ; 6.369 ;
; SW[14]     ; HEX0[1]     ; 6.216 ; 6.216 ; 6.216 ; 6.216 ;
; SW[14]     ; HEX0[2]     ; 6.381 ; 6.381 ; 6.381 ; 6.381 ;
; SW[14]     ; HEX0[3]     ; 6.547 ; 6.547 ; 6.547 ; 6.547 ;
; SW[14]     ; HEX0[4]     ; 6.264 ; 6.264 ; 6.264 ; 6.264 ;
; SW[14]     ; HEX0[5]     ; 6.535 ; 6.535 ; 6.535 ; 6.535 ;
; SW[14]     ; HEX0[6]     ; 6.522 ; 6.522 ; 6.522 ; 6.522 ;
; SW[14]     ; HEX1[0]     ; 7.467 ; 7.467 ; 7.467 ; 7.467 ;
; SW[14]     ; HEX1[2]     ; 7.311 ; 7.311 ; 7.311 ; 7.311 ;
; SW[14]     ; HEX1[3]     ; 7.457 ; 7.457 ; 7.457 ; 7.457 ;
; SW[14]     ; HEX1[4]     ; 7.086 ; 7.086 ; 7.086 ; 7.086 ;
; SW[14]     ; HEX1[5]     ; 7.306 ; 7.306 ; 7.306 ; 7.306 ;
; SW[14]     ; HEX1[6]     ; 7.458 ; 7.458 ; 7.458 ; 7.458 ;
; SW[15]     ; HEX0[0]     ; 6.630 ; 6.630 ; 6.630 ; 6.630 ;
; SW[15]     ; HEX0[1]     ; 6.474 ; 6.474 ; 6.474 ; 6.474 ;
; SW[15]     ; HEX0[2]     ; 6.642 ; 6.642 ; 6.642 ; 6.642 ;
; SW[15]     ; HEX0[3]     ; 6.656 ; 6.656 ; 6.656 ; 6.656 ;
; SW[15]     ; HEX0[4]     ; 6.813 ; 6.813 ; 6.813 ; 6.813 ;
; SW[15]     ; HEX0[5]     ; 6.643 ; 6.643 ; 6.643 ; 6.643 ;
; SW[15]     ; HEX0[6]     ; 6.633 ; 6.633 ; 6.633 ; 6.633 ;
; SW[15]     ; HEX1[0]     ; 6.858 ; 6.858 ; 6.858 ; 6.858 ;
; SW[15]     ; HEX1[2]     ; 6.706 ; 6.706 ; 6.706 ; 6.706 ;
; SW[15]     ; HEX1[3]     ; 6.848 ; 6.848 ; 6.848 ; 6.848 ;
; SW[15]     ; HEX1[4]     ; 6.449 ; 6.449 ; 6.449 ; 6.449 ;
; SW[15]     ; HEX1[5]     ; 6.721 ; 6.721 ; 6.721 ; 6.721 ;
; SW[15]     ; HEX1[6]     ; 7.054 ; 7.054 ; 7.054 ; 7.054 ;
; SW[16]     ; HEX0[0]     ; 7.469 ; 7.469 ; 7.469 ; 7.469 ;
; SW[16]     ; HEX0[1]     ; 7.320 ; 7.320 ; 7.320 ; 7.320 ;
; SW[16]     ; HEX0[2]     ; 7.481 ; 7.481 ; 7.481 ; 7.481 ;
; SW[16]     ; HEX0[3]     ; 7.254 ; 7.254 ; 7.254 ; 7.254 ;
; SW[16]     ; HEX0[4]     ; 7.098 ; 7.098 ; 7.098 ; 7.098 ;
; SW[16]     ; HEX0[5]     ; 7.241 ; 7.241 ; 7.241 ; 7.241 ;
; SW[16]     ; HEX0[6]     ; 7.239 ; 7.215 ; 7.215 ; 7.239 ;
; SW[16]     ; HEX1[0]     ; 7.113 ; 6.797 ; 6.797 ; 7.113 ;
; SW[16]     ; HEX1[2]     ; 6.641 ; 6.961 ; 6.961 ; 6.641 ;
; SW[16]     ; HEX1[3]     ; 7.103 ; 6.787 ; 6.787 ; 7.103 ;
; SW[16]     ; HEX1[4]     ; 6.704 ; 6.952 ; 6.952 ; 6.704 ;
; SW[16]     ; HEX1[5]     ; 6.636 ; 6.998 ; 6.998 ; 6.636 ;
; SW[16]     ; HEX1[6]     ; 7.150 ; 6.788 ; 6.788 ; 7.150 ;
; SW[17]     ; HEX0[0]     ; 7.312 ; 7.312 ; 7.312 ; 7.312 ;
; SW[17]     ; HEX0[1]     ; 7.500 ; 7.494 ; 7.494 ; 7.500 ;
; SW[17]     ; HEX0[2]     ; 7.655 ; 7.667 ; 7.667 ; 7.655 ;
; SW[17]     ; HEX0[3]     ; 7.139 ; 7.139 ; 7.139 ; 7.139 ;
; SW[17]     ; HEX0[4]     ; 7.252 ; 7.252 ; 7.252 ; 7.252 ;
; SW[17]     ; HEX0[5]     ; 7.131 ; 7.131 ; 7.131 ; 7.131 ;
; SW[17]     ; HEX0[6]     ; 7.045 ; 7.045 ; 7.045 ; 7.045 ;
; SW[17]     ; HEX1[0]     ; 6.953 ; 6.953 ; 6.953 ; 6.953 ;
; SW[17]     ; HEX1[2]     ; 6.797 ; 6.797 ; 6.797 ; 6.797 ;
; SW[17]     ; HEX1[3]     ; 6.943 ; 6.943 ; 6.943 ; 6.943 ;
; SW[17]     ; HEX1[4]     ; 6.746 ; 6.746 ; 6.746 ; 6.746 ;
; SW[17]     ; HEX1[5]     ; 6.792 ; 6.792 ; 6.792 ; 6.792 ;
; SW[17]     ; HEX1[6]     ; 6.944 ; 6.944 ; 6.944 ; 6.944 ;
+------------+-------------+-------+-------+-------+-------+


+----------------------------------------------------------------------------+
; Multicorner Timing Analysis Summary                                        ;
+------------------+-------+------+----------+---------+---------------------+
; Clock            ; Setup ; Hold ; Recovery ; Removal ; Minimum Pulse Width ;
+------------------+-------+------+----------+---------+---------------------+
; Worst-case Slack ; N/A   ; N/A  ; N/A      ; N/A     ; N/A                 ;
; Design-wide TNS  ; 0.0   ; 0.0  ; 0.0      ; 0.0     ; 0.0                 ;
+------------------+-------+------+----------+---------+---------------------+


+--------------------------------------------------------------+
; Progagation Delay                                            ;
+------------+-------------+--------+--------+--------+--------+
; Input Port ; Output Port ; RR     ; RF     ; FR     ; FF     ;
+------------+-------------+--------+--------+--------+--------+
; SW[0]      ; HEX0[0]     ; 14.111 ; 14.111 ; 14.111 ; 14.111 ;
; SW[0]      ; HEX0[1]     ; 13.798 ; 13.798 ; 13.798 ; 13.798 ;
; SW[0]      ; HEX0[2]     ; 14.104 ; 14.104 ; 14.104 ; 14.104 ;
; SW[0]      ; HEX0[3]     ; 13.645 ; 13.645 ; 13.645 ; 13.645 ;
; SW[0]      ; HEX0[4]     ; 13.162 ; 13.162 ; 13.162 ; 13.162 ;
; SW[0]      ; HEX0[5]     ; 13.631 ; 13.631 ; 13.631 ; 13.631 ;
; SW[0]      ; HEX0[6]     ; 13.637 ; 13.637 ; 13.637 ; 13.637 ;
; SW[0]      ; HEX1[0]     ; 12.555 ; 12.624 ; 12.624 ; 12.555 ;
; SW[0]      ; HEX1[2]     ; 12.311 ; 12.242 ; 12.242 ; 12.311 ;
; SW[0]      ; HEX1[3]     ; 12.545 ; 12.614 ; 12.614 ; 12.545 ;
; SW[0]      ; HEX1[4]     ; 11.647 ; 11.716 ; 11.716 ; 11.647 ;
; SW[0]      ; HEX1[5]     ; 12.240 ; 12.309 ; 12.309 ; 12.240 ;
; SW[0]      ; HEX1[6]     ; 10.331 ; 10.442 ; 10.442 ; 10.331 ;
; SW[1]      ; HEX0[0]     ; 12.457 ; 12.457 ; 12.457 ; 12.457 ;
; SW[1]      ; HEX0[1]     ; 12.144 ; 12.144 ; 12.144 ; 12.144 ;
; SW[1]      ; HEX0[2]     ; 12.450 ; 12.450 ; 12.450 ; 12.450 ;
; SW[1]      ; HEX0[3]     ; 11.991 ; 11.991 ; 11.991 ; 11.991 ;
; SW[1]      ; HEX0[4]     ; 11.508 ; 11.508 ; 11.508 ; 11.508 ;
; SW[1]      ; HEX0[5]     ; 11.977 ; 11.977 ; 11.977 ; 11.977 ;
; SW[1]      ; HEX0[6]     ; 11.983 ; 11.983 ; 11.983 ; 11.983 ;
; SW[1]      ; HEX1[0]     ; 10.901 ; 10.970 ; 10.970 ; 10.901 ;
; SW[1]      ; HEX1[2]     ; 10.657 ; 10.588 ; 10.588 ; 10.657 ;
; SW[1]      ; HEX1[3]     ; 10.891 ; 10.960 ; 10.960 ; 10.891 ;
; SW[1]      ; HEX1[4]     ; 9.993  ; 10.062 ; 10.062 ; 9.993  ;
; SW[1]      ; HEX1[5]     ; 10.586 ; 10.655 ; 10.655 ; 10.586 ;
; SW[1]      ; HEX1[6]     ; 8.677  ; 8.788  ; 8.788  ; 8.677  ;
; SW[2]      ; HEX0[0]     ; 13.166 ; 13.166 ; 13.166 ; 13.166 ;
; SW[2]      ; HEX0[1]     ; 12.853 ; 12.853 ; 12.853 ; 12.853 ;
; SW[2]      ; HEX0[2]     ; 13.159 ; 13.159 ; 13.159 ; 13.159 ;
; SW[2]      ; HEX0[3]     ; 12.700 ; 12.700 ; 12.700 ; 12.700 ;
; SW[2]      ; HEX0[4]     ; 12.217 ; 12.217 ; 12.217 ; 12.217 ;
; SW[2]      ; HEX0[5]     ; 12.686 ; 12.686 ; 12.686 ; 12.686 ;
; SW[2]      ; HEX0[6]     ; 12.692 ; 12.692 ; 12.692 ; 12.692 ;
; SW[2]      ; HEX1[0]     ; 11.610 ; 11.679 ; 11.679 ; 11.610 ;
; SW[2]      ; HEX1[2]     ; 11.366 ; 11.297 ; 11.297 ; 11.366 ;
; SW[2]      ; HEX1[3]     ; 11.600 ; 11.669 ; 11.669 ; 11.600 ;
; SW[2]      ; HEX1[4]     ; 10.702 ; 10.771 ; 10.771 ; 10.702 ;
; SW[2]      ; HEX1[5]     ; 11.295 ; 11.364 ; 11.364 ; 11.295 ;
; SW[2]      ; HEX1[6]     ; 9.386  ; 9.497  ; 9.497  ; 9.386  ;
; SW[3]      ; HEX0[0]     ; 11.740 ; 11.740 ; 11.740 ; 11.740 ;
; SW[3]      ; HEX0[1]     ; 11.427 ; 11.427 ; 11.427 ; 11.427 ;
; SW[3]      ; HEX0[2]     ; 11.733 ; 11.733 ; 11.733 ; 11.733 ;
; SW[3]      ; HEX0[3]     ; 11.274 ; 11.274 ; 11.274 ; 11.274 ;
; SW[3]      ; HEX0[4]     ; 10.791 ; 10.791 ; 10.791 ; 10.791 ;
; SW[3]      ; HEX0[5]     ; 11.260 ; 11.260 ; 11.260 ; 11.260 ;
; SW[3]      ; HEX0[6]     ; 11.266 ; 11.266 ; 11.266 ; 11.266 ;
; SW[3]      ; HEX1[0]     ; 10.102 ; 10.171 ; 10.171 ; 10.102 ;
; SW[3]      ; HEX1[2]     ; 9.858  ; 9.789  ; 9.789  ; 9.858  ;
; SW[3]      ; HEX1[3]     ; 10.092 ; 10.161 ; 10.161 ; 10.092 ;
; SW[3]      ; HEX1[4]     ; 9.194  ; 9.263  ; 9.263  ; 9.194  ;
; SW[3]      ; HEX1[5]     ; 9.787  ; 9.856  ; 9.856  ; 9.787  ;
; SW[3]      ; HEX1[6]     ; 7.798  ; 7.989  ; 7.989  ; 7.798  ;
; SW[10]     ; HEX0[0]     ; 14.214 ; 14.214 ; 14.214 ; 14.214 ;
; SW[10]     ; HEX0[1]     ; 13.901 ; 13.901 ; 13.901 ; 13.901 ;
; SW[10]     ; HEX0[2]     ; 14.207 ; 14.207 ; 14.207 ; 14.207 ;
; SW[10]     ; HEX0[3]     ; 13.748 ; 13.748 ; 13.748 ; 13.748 ;
; SW[10]     ; HEX0[4]     ; 13.265 ; 13.265 ; 13.265 ; 13.265 ;
; SW[10]     ; HEX0[5]     ; 13.734 ; 13.734 ; 13.734 ; 13.734 ;
; SW[10]     ; HEX0[6]     ; 13.740 ; 13.740 ; 13.740 ; 13.740 ;
; SW[10]     ; HEX1[0]     ; 12.658 ; 12.727 ; 12.727 ; 12.658 ;
; SW[10]     ; HEX1[2]     ; 12.414 ; 12.345 ; 12.345 ; 12.414 ;
; SW[10]     ; HEX1[3]     ; 12.648 ; 12.717 ; 12.717 ; 12.648 ;
; SW[10]     ; HEX1[4]     ; 11.750 ; 11.819 ; 11.819 ; 11.750 ;
; SW[10]     ; HEX1[5]     ; 12.343 ; 12.412 ; 12.412 ; 12.343 ;
; SW[10]     ; HEX1[6]     ; 10.434 ; 10.545 ; 10.545 ; 10.434 ;
; SW[14]     ; HEX0[0]     ; 18.403 ; 18.403 ; 18.403 ; 18.403 ;
; SW[14]     ; HEX0[1]     ; 18.090 ; 18.090 ; 18.090 ; 18.090 ;
; SW[14]     ; HEX0[2]     ; 18.396 ; 18.396 ; 18.396 ; 18.396 ;
; SW[14]     ; HEX0[3]     ; 17.937 ; 17.937 ; 17.937 ; 17.937 ;
; SW[14]     ; HEX0[4]     ; 17.454 ; 17.454 ; 17.454 ; 17.454 ;
; SW[14]     ; HEX0[5]     ; 17.923 ; 17.923 ; 17.923 ; 17.923 ;
; SW[14]     ; HEX0[6]     ; 17.929 ; 17.929 ; 17.929 ; 17.929 ;
; SW[14]     ; HEX1[0]     ; 16.847 ; 16.916 ; 16.916 ; 16.847 ;
; SW[14]     ; HEX1[2]     ; 16.603 ; 16.534 ; 16.534 ; 16.603 ;
; SW[14]     ; HEX1[3]     ; 16.837 ; 16.906 ; 16.906 ; 16.837 ;
; SW[14]     ; HEX1[4]     ; 15.939 ; 16.008 ; 16.008 ; 15.939 ;
; SW[14]     ; HEX1[5]     ; 16.532 ; 16.601 ; 16.601 ; 16.532 ;
; SW[14]     ; HEX1[6]     ; 14.623 ; 14.734 ; 14.734 ; 14.623 ;
; SW[15]     ; HEX0[0]     ; 17.528 ; 17.528 ; 17.528 ; 17.528 ;
; SW[15]     ; HEX0[1]     ; 17.215 ; 17.215 ; 17.215 ; 17.215 ;
; SW[15]     ; HEX0[2]     ; 17.521 ; 17.521 ; 17.521 ; 17.521 ;
; SW[15]     ; HEX0[3]     ; 17.062 ; 17.062 ; 17.062 ; 17.062 ;
; SW[15]     ; HEX0[4]     ; 16.579 ; 16.579 ; 16.579 ; 16.579 ;
; SW[15]     ; HEX0[5]     ; 17.048 ; 17.048 ; 17.048 ; 17.048 ;
; SW[15]     ; HEX0[6]     ; 17.054 ; 17.054 ; 17.054 ; 17.054 ;
; SW[15]     ; HEX1[0]     ; 15.972 ; 16.041 ; 16.041 ; 15.972 ;
; SW[15]     ; HEX1[2]     ; 15.728 ; 15.659 ; 15.659 ; 15.728 ;
; SW[15]     ; HEX1[3]     ; 15.962 ; 16.031 ; 16.031 ; 15.962 ;
; SW[15]     ; HEX1[4]     ; 15.064 ; 15.133 ; 15.133 ; 15.064 ;
; SW[15]     ; HEX1[5]     ; 15.657 ; 15.726 ; 15.726 ; 15.657 ;
; SW[15]     ; HEX1[6]     ; 13.748 ; 13.859 ; 13.859 ; 13.748 ;
; SW[16]     ; HEX0[0]     ; 18.165 ; 18.165 ; 18.165 ; 18.165 ;
; SW[16]     ; HEX0[1]     ; 17.852 ; 17.852 ; 17.852 ; 17.852 ;
; SW[16]     ; HEX0[2]     ; 18.158 ; 18.158 ; 18.158 ; 18.158 ;
; SW[16]     ; HEX0[3]     ; 17.699 ; 17.699 ; 17.699 ; 17.699 ;
; SW[16]     ; HEX0[4]     ; 17.216 ; 17.216 ; 17.216 ; 17.216 ;
; SW[16]     ; HEX0[5]     ; 17.685 ; 17.685 ; 17.685 ; 17.685 ;
; SW[16]     ; HEX0[6]     ; 17.691 ; 17.691 ; 17.691 ; 17.691 ;
; SW[16]     ; HEX1[0]     ; 16.609 ; 16.678 ; 16.678 ; 16.609 ;
; SW[16]     ; HEX1[2]     ; 16.365 ; 16.296 ; 16.296 ; 16.365 ;
; SW[16]     ; HEX1[3]     ; 16.599 ; 16.668 ; 16.668 ; 16.599 ;
; SW[16]     ; HEX1[4]     ; 15.701 ; 15.770 ; 15.770 ; 15.701 ;
; SW[16]     ; HEX1[5]     ; 16.294 ; 16.363 ; 16.363 ; 16.294 ;
; SW[16]     ; HEX1[6]     ; 14.385 ; 14.496 ; 14.496 ; 14.385 ;
; SW[17]     ; HEX0[0]     ; 16.762 ; 16.762 ; 16.762 ; 16.762 ;
; SW[17]     ; HEX0[1]     ; 16.449 ; 16.449 ; 16.449 ; 16.449 ;
; SW[17]     ; HEX0[2]     ; 16.755 ; 16.755 ; 16.755 ; 16.755 ;
; SW[17]     ; HEX0[3]     ; 16.296 ; 16.296 ; 16.296 ; 16.296 ;
; SW[17]     ; HEX0[4]     ; 15.813 ; 15.813 ; 15.813 ; 15.813 ;
; SW[17]     ; HEX0[5]     ; 16.282 ; 16.282 ; 16.282 ; 16.282 ;
; SW[17]     ; HEX0[6]     ; 16.288 ; 16.288 ; 16.288 ; 16.288 ;
; SW[17]     ; HEX1[0]     ; 15.245 ; 15.314 ; 15.314 ; 15.245 ;
; SW[17]     ; HEX1[2]     ; 15.001 ; 14.932 ; 14.932 ; 15.001 ;
; SW[17]     ; HEX1[3]     ; 15.235 ; 15.304 ; 15.304 ; 15.235 ;
; SW[17]     ; HEX1[4]     ; 14.337 ; 14.406 ; 14.406 ; 14.337 ;
; SW[17]     ; HEX1[5]     ; 14.930 ; 14.999 ; 14.999 ; 14.930 ;
; SW[17]     ; HEX1[6]     ; 13.020 ; 13.132 ; 13.132 ; 13.020 ;
+------------+-------------+--------+--------+--------+--------+


+----------------------------------------------------------+
; Minimum Progagation Delay                                ;
+------------+-------------+-------+-------+-------+-------+
; Input Port ; Output Port ; RR    ; RF    ; FR    ; FF    ;
+------------+-------------+-------+-------+-------+-------+
; SW[0]      ; HEX0[0]     ; 3.730 ; 3.730 ; 3.730 ; 3.730 ;
; SW[0]      ; HEX0[1]     ; 3.577 ; 3.577 ; 3.577 ; 3.577 ;
; SW[0]      ; HEX0[2]     ; 3.742 ; 3.742 ; 3.742 ; 3.742 ;
; SW[0]      ; HEX0[3]     ; 3.908 ; 3.908 ; 3.908 ; 3.908 ;
; SW[0]      ; HEX0[4]     ; 3.625 ; 3.625 ; 3.625 ; 3.625 ;
; SW[0]      ; HEX0[5]     ; 3.896 ; 3.896 ; 3.896 ; 3.896 ;
; SW[0]      ; HEX0[6]     ; 3.883 ; 3.883 ; 3.883 ; 3.883 ;
; SW[0]      ; HEX1[0]     ; 4.834 ; 4.834 ; 4.834 ; 4.834 ;
; SW[0]      ; HEX1[2]     ; 4.678 ; 4.678 ; 4.678 ; 4.678 ;
; SW[0]      ; HEX1[3]     ; 4.824 ; 4.824 ; 4.824 ; 4.824 ;
; SW[0]      ; HEX1[4]     ; 4.453 ; 4.453 ; 4.453 ; 4.453 ;
; SW[0]      ; HEX1[5]     ; 4.673 ; 4.673 ; 4.673 ; 4.673 ;
; SW[0]      ; HEX1[6]     ; 4.825 ; 4.825 ; 4.825 ; 4.825 ;
; SW[1]      ; HEX0[0]     ; 3.594 ; 3.594 ; 3.594 ; 3.594 ;
; SW[1]      ; HEX0[1]     ; 3.438 ; 3.438 ; 3.438 ; 3.438 ;
; SW[1]      ; HEX0[2]     ; 3.606 ; 3.606 ; 3.606 ; 3.606 ;
; SW[1]      ; HEX0[3]     ; 3.620 ; 3.620 ; 3.620 ; 3.620 ;
; SW[1]      ; HEX0[4]     ; 3.777 ; 3.777 ; 3.777 ; 3.777 ;
; SW[1]      ; HEX0[5]     ; 3.607 ; 3.607 ; 3.607 ; 3.607 ;
; SW[1]      ; HEX0[6]     ; 3.597 ; 3.597 ; 3.597 ; 3.597 ;
; SW[1]      ; HEX1[0]     ; 3.942 ; 3.942 ; 3.942 ; 3.942 ;
; SW[1]      ; HEX1[2]     ; 3.790 ; 3.790 ; 3.790 ; 3.790 ;
; SW[1]      ; HEX1[3]     ; 3.932 ; 3.932 ; 3.932 ; 3.932 ;
; SW[1]      ; HEX1[4]     ; 3.533 ; 3.533 ; 3.533 ; 3.533 ;
; SW[1]      ; HEX1[5]     ; 3.805 ; 3.805 ; 3.805 ; 3.805 ;
; SW[1]      ; HEX1[6]     ; 4.022 ; 4.022 ; 4.022 ; 4.022 ;
; SW[2]      ; HEX0[0]     ; 4.469 ; 4.469 ; 4.469 ; 4.469 ;
; SW[2]      ; HEX0[1]     ; 4.320 ; 4.320 ; 4.320 ; 4.320 ;
; SW[2]      ; HEX0[2]     ; 4.481 ; 4.481 ; 4.481 ; 4.481 ;
; SW[2]      ; HEX0[3]     ; 4.254 ; 4.254 ; 4.254 ; 4.254 ;
; SW[2]      ; HEX0[4]     ; 4.098 ; 4.098 ; 4.098 ; 4.098 ;
; SW[2]      ; HEX0[5]     ; 4.241 ; 4.241 ; 4.241 ; 4.241 ;
; SW[2]      ; HEX0[6]     ; 4.225 ; 4.215 ; 4.215 ; 4.225 ;
; SW[2]      ; HEX1[0]     ; 4.113 ; 3.797 ; 3.797 ; 4.113 ;
; SW[2]      ; HEX1[2]     ; 3.641 ; 3.961 ; 3.961 ; 3.641 ;
; SW[2]      ; HEX1[3]     ; 4.103 ; 3.787 ; 3.787 ; 4.103 ;
; SW[2]      ; HEX1[4]     ; 3.704 ; 3.926 ; 3.926 ; 3.704 ;
; SW[2]      ; HEX1[5]     ; 3.636 ; 3.972 ; 3.972 ; 3.636 ;
; SW[2]      ; HEX1[6]     ; 4.124 ; 3.788 ; 3.788 ; 4.124 ;
; SW[3]      ; HEX0[0]     ; 4.231 ; 4.231 ; 4.231 ; 4.231 ;
; SW[3]      ; HEX0[1]     ; 4.417 ; 4.405 ; 4.405 ; 4.417 ;
; SW[3]      ; HEX0[2]     ; 4.566 ; 4.578 ; 4.578 ; 4.566 ;
; SW[3]      ; HEX0[3]     ; 4.058 ; 4.058 ; 4.058 ; 4.058 ;
; SW[3]      ; HEX0[4]     ; 4.163 ; 4.163 ; 4.163 ; 4.163 ;
; SW[3]      ; HEX0[5]     ; 4.050 ; 4.050 ; 4.050 ; 4.050 ;
; SW[3]      ; HEX0[6]     ; 3.964 ; 3.964 ; 3.964 ; 3.964 ;
; SW[3]      ; HEX1[0]     ; 3.872 ; 3.872 ; 3.872 ; 3.872 ;
; SW[3]      ; HEX1[2]     ; 3.716 ; 3.716 ; 3.716 ; 3.716 ;
; SW[3]      ; HEX1[3]     ; 3.862 ; 3.862 ; 3.862 ; 3.862 ;
; SW[3]      ; HEX1[4]     ; 3.658 ; 3.665 ; 3.665 ; 3.658 ;
; SW[3]      ; HEX1[5]     ; 3.711 ; 3.711 ; 3.711 ; 3.711 ;
; SW[3]      ; HEX1[6]     ; 3.863 ; 3.863 ; 3.863 ; 3.863 ;
; SW[10]     ; HEX0[0]     ; 3.800 ; 3.800 ; 3.800 ; 3.800 ;
; SW[10]     ; HEX0[1]     ; 3.647 ; 3.647 ; 3.647 ; 3.647 ;
; SW[10]     ; HEX0[2]     ; 3.812 ; 3.812 ; 3.812 ; 3.812 ;
; SW[10]     ; HEX0[3]     ; 3.978 ; 3.978 ; 3.978 ; 3.978 ;
; SW[10]     ; HEX0[4]     ; 3.695 ; 3.695 ; 3.695 ; 3.695 ;
; SW[10]     ; HEX0[5]     ; 3.966 ; 3.966 ; 3.966 ; 3.966 ;
; SW[10]     ; HEX0[6]     ; 3.953 ; 3.953 ; 3.953 ; 3.953 ;
; SW[10]     ; HEX1[0]     ; 4.898 ; 4.898 ; 4.898 ; 4.898 ;
; SW[10]     ; HEX1[2]     ; 4.742 ; 4.742 ; 4.742 ; 4.742 ;
; SW[10]     ; HEX1[3]     ; 4.888 ; 4.888 ; 4.888 ; 4.888 ;
; SW[10]     ; HEX1[4]     ; 4.517 ; 4.517 ; 4.517 ; 4.517 ;
; SW[10]     ; HEX1[5]     ; 4.737 ; 4.737 ; 4.737 ; 4.737 ;
; SW[10]     ; HEX1[6]     ; 4.889 ; 4.889 ; 4.889 ; 4.889 ;
; SW[14]     ; HEX0[0]     ; 6.369 ; 6.369 ; 6.369 ; 6.369 ;
; SW[14]     ; HEX0[1]     ; 6.216 ; 6.216 ; 6.216 ; 6.216 ;
; SW[14]     ; HEX0[2]     ; 6.381 ; 6.381 ; 6.381 ; 6.381 ;
; SW[14]     ; HEX0[3]     ; 6.547 ; 6.547 ; 6.547 ; 6.547 ;
; SW[14]     ; HEX0[4]     ; 6.264 ; 6.264 ; 6.264 ; 6.264 ;
; SW[14]     ; HEX0[5]     ; 6.535 ; 6.535 ; 6.535 ; 6.535 ;
; SW[14]     ; HEX0[6]     ; 6.522 ; 6.522 ; 6.522 ; 6.522 ;
; SW[14]     ; HEX1[0]     ; 7.467 ; 7.467 ; 7.467 ; 7.467 ;
; SW[14]     ; HEX1[2]     ; 7.311 ; 7.311 ; 7.311 ; 7.311 ;
; SW[14]     ; HEX1[3]     ; 7.457 ; 7.457 ; 7.457 ; 7.457 ;
; SW[14]     ; HEX1[4]     ; 7.086 ; 7.086 ; 7.086 ; 7.086 ;
; SW[14]     ; HEX1[5]     ; 7.306 ; 7.306 ; 7.306 ; 7.306 ;
; SW[14]     ; HEX1[6]     ; 7.458 ; 7.458 ; 7.458 ; 7.458 ;
; SW[15]     ; HEX0[0]     ; 6.630 ; 6.630 ; 6.630 ; 6.630 ;
; SW[15]     ; HEX0[1]     ; 6.474 ; 6.474 ; 6.474 ; 6.474 ;
; SW[15]     ; HEX0[2]     ; 6.642 ; 6.642 ; 6.642 ; 6.642 ;
; SW[15]     ; HEX0[3]     ; 6.656 ; 6.656 ; 6.656 ; 6.656 ;
; SW[15]     ; HEX0[4]     ; 6.813 ; 6.813 ; 6.813 ; 6.813 ;
; SW[15]     ; HEX0[5]     ; 6.643 ; 6.643 ; 6.643 ; 6.643 ;
; SW[15]     ; HEX0[6]     ; 6.633 ; 6.633 ; 6.633 ; 6.633 ;
; SW[15]     ; HEX1[0]     ; 6.858 ; 6.858 ; 6.858 ; 6.858 ;
; SW[15]     ; HEX1[2]     ; 6.706 ; 6.706 ; 6.706 ; 6.706 ;
; SW[15]     ; HEX1[3]     ; 6.848 ; 6.848 ; 6.848 ; 6.848 ;
; SW[15]     ; HEX1[4]     ; 6.449 ; 6.449 ; 6.449 ; 6.449 ;
; SW[15]     ; HEX1[5]     ; 6.721 ; 6.721 ; 6.721 ; 6.721 ;
; SW[15]     ; HEX1[6]     ; 7.054 ; 7.054 ; 7.054 ; 7.054 ;
; SW[16]     ; HEX0[0]     ; 7.469 ; 7.469 ; 7.469 ; 7.469 ;
; SW[16]     ; HEX0[1]     ; 7.320 ; 7.320 ; 7.320 ; 7.320 ;
; SW[16]     ; HEX0[2]     ; 7.481 ; 7.481 ; 7.481 ; 7.481 ;
; SW[16]     ; HEX0[3]     ; 7.254 ; 7.254 ; 7.254 ; 7.254 ;
; SW[16]     ; HEX0[4]     ; 7.098 ; 7.098 ; 7.098 ; 7.098 ;
; SW[16]     ; HEX0[5]     ; 7.241 ; 7.241 ; 7.241 ; 7.241 ;
; SW[16]     ; HEX0[6]     ; 7.239 ; 7.215 ; 7.215 ; 7.239 ;
; SW[16]     ; HEX1[0]     ; 7.113 ; 6.797 ; 6.797 ; 7.113 ;
; SW[16]     ; HEX1[2]     ; 6.641 ; 6.961 ; 6.961 ; 6.641 ;
; SW[16]     ; HEX1[3]     ; 7.103 ; 6.787 ; 6.787 ; 7.103 ;
; SW[16]     ; HEX1[4]     ; 6.704 ; 6.952 ; 6.952 ; 6.704 ;
; SW[16]     ; HEX1[5]     ; 6.636 ; 6.998 ; 6.998 ; 6.636 ;
; SW[16]     ; HEX1[6]     ; 7.150 ; 6.788 ; 6.788 ; 7.150 ;
; SW[17]     ; HEX0[0]     ; 7.312 ; 7.312 ; 7.312 ; 7.312 ;
; SW[17]     ; HEX0[1]     ; 7.500 ; 7.494 ; 7.494 ; 7.500 ;
; SW[17]     ; HEX0[2]     ; 7.655 ; 7.667 ; 7.667 ; 7.655 ;
; SW[17]     ; HEX0[3]     ; 7.139 ; 7.139 ; 7.139 ; 7.139 ;
; SW[17]     ; HEX0[4]     ; 7.252 ; 7.252 ; 7.252 ; 7.252 ;
; SW[17]     ; HEX0[5]     ; 7.131 ; 7.131 ; 7.131 ; 7.131 ;
; SW[17]     ; HEX0[6]     ; 7.045 ; 7.045 ; 7.045 ; 7.045 ;
; SW[17]     ; HEX1[0]     ; 6.953 ; 6.953 ; 6.953 ; 6.953 ;
; SW[17]     ; HEX1[2]     ; 6.797 ; 6.797 ; 6.797 ; 6.797 ;
; SW[17]     ; HEX1[3]     ; 6.943 ; 6.943 ; 6.943 ; 6.943 ;
; SW[17]     ; HEX1[4]     ; 6.746 ; 6.746 ; 6.746 ; 6.746 ;
; SW[17]     ; HEX1[5]     ; 6.792 ; 6.792 ; 6.792 ; 6.792 ;
; SW[17]     ; HEX1[6]     ; 6.944 ; 6.944 ; 6.944 ; 6.944 ;
+------------+-------------+-------+-------+-------+-------+


-------------------
; Clock Transfers ;
-------------------
Nothing to report.


---------------
; Report TCCS ;
---------------
No dedicated SERDES Transmitter circuitry present in device or used in design


---------------
; Report RSKM ;
---------------
No dedicated SERDES Receiver circuitry present in device or used in design


+------------------------------------------------+
; Unconstrained Paths                            ;
+---------------------------------+-------+------+
; Property                        ; Setup ; Hold ;
+---------------------------------+-------+------+
; Illegal Clocks                  ; 0     ; 0    ;
; Unconstrained Clocks            ; 0     ; 0    ;
; Unconstrained Input Ports       ; 9     ; 9    ;
; Unconstrained Input Port Paths  ; 117   ; 117  ;
; Unconstrained Output Ports      ; 13    ; 13   ;
; Unconstrained Output Port Paths ; 117   ; 117  ;
+---------------------------------+-------+------+


+------------------------------------+
; TimeQuest Timing Analyzer Messages ;
+------------------------------------+
Info: *******************************************************************
Info: Running Quartus II 64-Bit TimeQuest Timing Analyzer
    Info: Version 13.0.1 Build 232 06/12/2013 Service Pack 1 SJ Web Edition
    Info: Processing started: Thu Oct 19 16:38:55 2023
Info: Command: quartus_sta soma4bit -c soma4bit
Info: qsta_default_script.tcl version: #1
Warning (20028): Parallel compilation is not licensed and has been disabled
Info (21077): Low junction temperature is 0 degrees C
Info (21077): High junction temperature is 85 degrees C
Critical Warning (332012): Synopsys Design Constraints File file not found: 'soma4bit.sdc'. A Synopsys Design Constraints File is required by the TimeQuest Timing Analyzer to get proper timing constraints. Without it, the Compiler will not properly optimize the design.
Info (332142): No user constrained base clocks found in the design. Calling "derive_clocks -period 1.0"
Info (332096): The command derive_clocks did not find any clocks to derive.  No clocks were created or changed.
Warning (332068): No clocks defined in design.
Info: Found TIMEQUEST_REPORT_SCRIPT_INCLUDE_DEFAULT_ANALYSIS = ON
Info (332159): No clocks to report
Info: Analyzing Slow Model
Info (332140): No fmax paths to report
Info (332140): No Setup paths to report
Info (332140): No Hold paths to report
Info (332140): No Recovery paths to report
Info (332140): No Removal paths to report
Info (332140): No Minimum Pulse Width paths to report
Info (332001): The selected device family is not supported by the report_metastability command.
Info: Analyzing Fast Model
Info (332142): No user constrained base clocks found in the design. Calling "derive_clocks -period 1.0"
Info (332096): The command derive_clocks did not find any clocks to derive.  No clocks were created or changed.
Warning (332068): No clocks defined in design.
Info (332140): No Setup paths to report
Info (332140): No Hold paths to report
Info (332140): No Recovery paths to report
Info (332140): No Removal paths to report
Info (332140): No Minimum Pulse Width paths to report
Info (332001): The selected device family is not supported by the report_metastability command.
Info (332102): Design is not fully constrained for setup requirements
Info (332102): Design is not fully constrained for hold requirements
Info: Quartus II 64-Bit TimeQuest Timing Analyzer was successful. 0 errors, 4 warnings
    Info: Peak virtual memory: 4543 megabytes
    Info: Processing ended: Thu Oct 19 16:38:56 2023
    Info: Elapsed time: 00:00:01
    Info: Total CPU time (on all processors): 00:00:00


