TimeQuest Timing Analyzer report for soma4bit
Thu Oct 19 16:40:32 2023
Quartus II 64-Bit Version 13.0.1 Build 232 06/12/2013 Service Pack 1 SJ Web Edition


---------------------
; Table of Contents ;
---------------------
  1. Legal Notice
  2. TimeQuest Timing Analyzer Summary
  3. Parallel Compilation
  4. Clocks
  5. Slow Model Fmax Summary
  6. Slow Model Setup Summary
  7. Slow Model Hold Summary
  8. Slow Model Recovery Summary
  9. Slow Model Removal Summary
 10. Slow Model Minimum Pulse Width Summary
 11. Propagation Delay
 12. Minimum Propagation Delay
 13. Fast Model Setup Summary
 14. Fast Model Hold Summary
 15. Fast Model Recovery Summary
 16. Fast Model Removal Summary
 17. Fast Model Minimum Pulse Width Summary
 18. Propagation Delay
 19. Minimum Propagation Delay
 20. Multicorner Timing Analysis Summary
 21. Progagation Delay
 22. Minimum Progagation Delay
 23. Clock Transfers
 24. Report TCCS
 25. Report RSKM
 26. Unconstrained Paths
 27. TimeQuest Timing Analyzer Messages



----------------
; Legal Notice ;
----------------
Copyright (C) 1991-2013 Altera Corporation
Your use of Altera Corporation's design tools, logic functions 
and other software and tools, and its AMPP partner logic 
functions, and any output files from any of the foregoing 
(including device programming or simulation files), and any 
associated documentation or information are expressly subject 
to the terms and conditions of the Altera Program License 
Subscription Agreement, Altera MegaCore Function License 
Agreement, or other applicable license agreement, including, 
without limitation, that your use is for the sole purpose of 
programming logic devices manufactured by Altera and sold by 
Altera or its authorized distributors.  Please refer to the 
applicable agreement for further details.



+----------------------------------------------------------------------------------------+
; TimeQuest Timing Analyzer Summary                                                      ;
+--------------------+-------------------------------------------------------------------+
; Quartus II Version ; Version 13.0.1 Build 232 06/12/2013 Service Pack 1 SJ Web Edition ;
; Revision Name      ; soma4bit                                                          ;
; Device Family      ; Cyclone II                                                        ;
; Device Name        ; EP2C35F672C6                                                      ;
; Timing Models      ; Final                                                             ;
; Delay Model        ; Combined                                                          ;
; Rise/Fall Delays   ; Unavailable                                                       ;
+--------------------+-------------------------------------------------------------------+


Parallel compilation was disabled, but you have multiple processors available. Enable parallel compilation to reduce compilation time.
+-------------------------------------+
; Parallel Compilation                ;
+----------------------------+--------+
; Processors                 ; Number ;
+----------------------------+--------+
; Number detected on machine ; 8      ;
; Maximum allowed            ; 1      ;
+----------------------------+--------+


----------
; Clocks ;
----------
No clocks to report.


---------------------------
; Slow Model Fmax Summary ;
---------------------------
No paths to report.


----------------------------
; Slow Model Setup Summary ;
----------------------------
No paths to report.


---------------------------
; Slow Model Hold Summary ;
---------------------------
No paths to report.


-------------------------------
; Slow Model Recovery Summary ;
-------------------------------
No paths to report.


------------------------------
; Slow Model Removal Summary ;
------------------------------
No paths to report.


------------------------------------------
; Slow Model Minimum Pulse Width Summary ;
------------------------------------------
No paths to report.


+--------------------------------------------------------------+
; Propagation Delay                                            ;
+------------+-------------+--------+--------+--------+--------+
; Input Port ; Output Port ; RR     ; RF     ; FR     ; FF     ;
+------------+-------------+--------+--------+--------+--------+
; SW[0]      ; HEX0[0]     ; 16.456 ; 16.456 ; 16.456 ; 16.456 ;
; SW[0]      ; HEX0[1]     ; 16.174 ; 16.174 ; 16.174 ; 16.174 ;
; SW[0]      ; HEX0[2]     ; 16.198 ; 16.198 ; 16.198 ; 16.198 ;
; SW[0]      ; HEX0[3]     ; 15.830 ; 15.830 ; 15.830 ; 15.830 ;
; SW[0]      ; HEX0[4]     ; 15.477 ; 15.477 ; 15.477 ; 15.477 ;
; SW[0]      ; HEX0[5]     ; 15.965 ; 15.965 ; 15.965 ; 15.965 ;
; SW[0]      ; HEX0[6]     ; 15.738 ; 15.738 ; 15.738 ; 15.738 ;
; SW[0]      ; HEX1[0]     ; 14.219 ; 14.219 ; 14.219 ; 14.219 ;
; SW[0]      ; HEX1[2]     ; 14.115 ; 14.115 ; 14.115 ; 14.115 ;
; SW[0]      ; HEX1[3]     ; 14.374 ; 14.374 ; 14.374 ; 14.374 ;
; SW[0]      ; HEX1[4]     ; 12.826 ; 12.826 ; 12.826 ; 12.826 ;
; SW[0]      ; HEX1[5]     ; 13.172 ; 13.172 ; 13.172 ; 13.172 ;
; SW[0]      ; HEX1[6]     ; 10.730 ; 10.730 ; 10.730 ; 10.730 ;
; SW[1]      ; HEX0[0]     ; 15.459 ; 15.459 ; 15.459 ; 15.459 ;
; SW[1]      ; HEX0[1]     ; 15.177 ; 15.177 ; 15.177 ; 15.177 ;
; SW[1]      ; HEX0[2]     ; 15.201 ; 15.201 ; 15.201 ; 15.201 ;
; SW[1]      ; HEX0[3]     ; 14.833 ; 14.833 ; 14.833 ; 14.833 ;
; SW[1]      ; HEX0[4]     ; 14.480 ; 14.480 ; 14.480 ; 14.480 ;
; SW[1]      ; HEX0[5]     ; 14.968 ; 14.968 ; 14.968 ; 14.968 ;
; SW[1]      ; HEX0[6]     ; 14.741 ; 14.741 ; 14.741 ; 14.741 ;
; SW[1]      ; HEX1[0]     ; 13.222 ; 13.222 ; 13.222 ; 13.222 ;
; SW[1]      ; HEX1[2]     ; 13.118 ; 13.118 ; 13.118 ; 13.118 ;
; SW[1]      ; HEX1[3]     ; 13.377 ; 13.377 ; 13.377 ; 13.377 ;
; SW[1]      ; HEX1[4]     ; 11.829 ; 11.829 ; 11.829 ; 11.829 ;
; SW[1]      ; HEX1[5]     ; 12.175 ; 12.175 ; 12.175 ; 12.175 ;
; SW[1]      ; HEX1[6]     ; 9.733  ; 9.733  ; 9.733  ; 9.733  ;
; SW[2]      ; HEX0[0]     ; 16.381 ; 16.381 ; 16.381 ; 16.381 ;
; SW[2]      ; HEX0[1]     ; 16.099 ; 16.099 ; 16.099 ; 16.099 ;
; SW[2]      ; HEX0[2]     ; 16.123 ; 16.123 ; 16.123 ; 16.123 ;
; SW[2]      ; HEX0[3]     ; 15.755 ; 15.755 ; 15.755 ; 15.755 ;
; SW[2]      ; HEX0[4]     ; 15.402 ; 15.402 ; 15.402 ; 15.402 ;
; SW[2]      ; HEX0[5]     ; 15.890 ; 15.890 ; 15.890 ; 15.890 ;
; SW[2]      ; HEX0[6]     ; 15.663 ; 15.663 ; 15.663 ; 15.663 ;
; SW[2]      ; HEX1[0]     ; 14.144 ; 14.144 ; 14.144 ; 14.144 ;
; SW[2]      ; HEX1[2]     ; 14.040 ; 14.040 ; 14.040 ; 14.040 ;
; SW[2]      ; HEX1[3]     ; 14.299 ; 14.299 ; 14.299 ; 14.299 ;
; SW[2]      ; HEX1[4]     ; 12.751 ; 12.751 ; 12.751 ; 12.751 ;
; SW[2]      ; HEX1[5]     ; 13.097 ; 13.097 ; 13.097 ; 13.097 ;
; SW[2]      ; HEX1[6]     ; 10.655 ; 10.655 ; 10.655 ; 10.655 ;
; SW[3]      ; HEX0[0]     ; 13.997 ; 13.997 ; 13.997 ; 13.997 ;
; SW[3]      ; HEX0[1]     ; 13.715 ; 13.715 ; 13.715 ; 13.715 ;
; SW[3]      ; HEX0[2]     ; 13.739 ; 13.739 ; 13.739 ; 13.739 ;
; SW[3]      ; HEX0[3]     ; 13.371 ; 13.371 ; 13.371 ; 13.371 ;
; SW[3]      ; HEX0[4]     ; 13.018 ; 13.018 ; 13.018 ; 13.018 ;
; SW[3]      ; HEX0[5]     ; 13.506 ; 13.506 ; 13.506 ; 13.506 ;
; SW[3]      ; HEX0[6]     ; 13.279 ; 13.279 ; 13.279 ; 13.279 ;
; SW[3]      ; HEX1[0]     ; 11.859 ; 11.760 ; 11.760 ; 11.859 ;
; SW[3]      ; HEX1[2]     ; 11.656 ; 11.755 ; 11.755 ; 11.656 ;
; SW[3]      ; HEX1[3]     ; 12.014 ; 11.915 ; 11.915 ; 12.014 ;
; SW[3]      ; HEX1[4]     ; 10.466 ; 10.367 ; 10.367 ; 10.466 ;
; SW[3]      ; HEX1[5]     ; 10.812 ; 10.713 ; 10.713 ; 10.812 ;
; SW[3]      ; HEX1[6]     ; 8.271  ; 8.370  ; 8.370  ; 8.271  ;
; SW[10]     ; HEX0[0]     ; 16.447 ; 16.447 ; 16.447 ; 16.447 ;
; SW[10]     ; HEX0[1]     ; 16.165 ; 16.165 ; 16.165 ; 16.165 ;
; SW[10]     ; HEX0[2]     ; 16.189 ; 16.189 ; 16.189 ; 16.189 ;
; SW[10]     ; HEX0[3]     ; 15.821 ; 15.821 ; 15.821 ; 15.821 ;
; SW[10]     ; HEX0[4]     ; 15.468 ; 15.468 ; 15.468 ; 15.468 ;
; SW[10]     ; HEX0[5]     ; 15.956 ; 15.956 ; 15.956 ; 15.956 ;
; SW[10]     ; HEX0[6]     ; 15.729 ; 15.729 ; 15.729 ; 15.729 ;
; SW[10]     ; HEX1[0]     ; 14.210 ; 14.210 ; 14.210 ; 14.210 ;
; SW[10]     ; HEX1[2]     ; 14.106 ; 14.106 ; 14.106 ; 14.106 ;
; SW[10]     ; HEX1[3]     ; 14.365 ; 14.365 ; 14.365 ; 14.365 ;
; SW[10]     ; HEX1[4]     ; 12.817 ; 12.817 ; 12.817 ; 12.817 ;
; SW[10]     ; HEX1[5]     ; 13.163 ; 13.163 ; 13.163 ; 13.163 ;
; SW[10]     ; HEX1[6]     ; 10.721 ; 10.721 ; 10.721 ; 10.721 ;
; SW[14]     ; HEX0[0]     ; 20.189 ; 20.189 ; 20.189 ; 20.189 ;
; SW[14]     ; HEX0[1]     ; 19.907 ; 19.907 ; 19.907 ; 19.907 ;
; SW[14]     ; HEX0[2]     ; 19.931 ; 19.931 ; 19.931 ; 19.931 ;
; SW[14]     ; HEX0[3]     ; 19.563 ; 19.563 ; 19.563 ; 19.563 ;
; SW[14]     ; HEX0[4]     ; 19.210 ; 19.210 ; 19.210 ; 19.210 ;
; SW[14]     ; HEX0[5]     ; 19.698 ; 19.698 ; 19.698 ; 19.698 ;
; SW[14]     ; HEX0[6]     ; 19.471 ; 19.471 ; 19.471 ; 19.471 ;
; SW[14]     ; HEX1[0]     ; 17.952 ; 17.952 ; 17.952 ; 17.952 ;
; SW[14]     ; HEX1[2]     ; 17.848 ; 17.848 ; 17.848 ; 17.848 ;
; SW[14]     ; HEX1[3]     ; 18.107 ; 18.107 ; 18.107 ; 18.107 ;
; SW[14]     ; HEX1[4]     ; 16.559 ; 16.559 ; 16.559 ; 16.559 ;
; SW[14]     ; HEX1[5]     ; 16.905 ; 16.905 ; 16.905 ; 16.905 ;
; SW[14]     ; HEX1[6]     ; 14.463 ; 14.463 ; 14.463 ; 14.463 ;
; SW[15]     ; HEX0[0]     ; 19.548 ; 19.548 ; 19.548 ; 19.548 ;
; SW[15]     ; HEX0[1]     ; 19.266 ; 19.266 ; 19.266 ; 19.266 ;
; SW[15]     ; HEX0[2]     ; 19.290 ; 19.290 ; 19.290 ; 19.290 ;
; SW[15]     ; HEX0[3]     ; 18.922 ; 18.922 ; 18.922 ; 18.922 ;
; SW[15]     ; HEX0[4]     ; 18.569 ; 18.569 ; 18.569 ; 18.569 ;
; SW[15]     ; HEX0[5]     ; 19.057 ; 19.057 ; 19.057 ; 19.057 ;
; SW[15]     ; HEX0[6]     ; 18.830 ; 18.830 ; 18.830 ; 18.830 ;
; SW[15]     ; HEX1[0]     ; 17.311 ; 17.311 ; 17.311 ; 17.311 ;
; SW[15]     ; HEX1[2]     ; 17.207 ; 17.207 ; 17.207 ; 17.207 ;
; SW[15]     ; HEX1[3]     ; 17.466 ; 17.466 ; 17.466 ; 17.466 ;
; SW[15]     ; HEX1[4]     ; 15.918 ; 15.918 ; 15.918 ; 15.918 ;
; SW[15]     ; HEX1[5]     ; 16.264 ; 16.264 ; 16.264 ; 16.264 ;
; SW[15]     ; HEX1[6]     ; 13.822 ; 13.822 ; 13.822 ; 13.822 ;
; SW[16]     ; HEX0[0]     ; 20.596 ; 20.596 ; 20.596 ; 20.596 ;
; SW[16]     ; HEX0[1]     ; 20.314 ; 20.314 ; 20.314 ; 20.314 ;
; SW[16]     ; HEX0[2]     ; 20.338 ; 20.338 ; 20.338 ; 20.338 ;
; SW[16]     ; HEX0[3]     ; 19.970 ; 19.970 ; 19.970 ; 19.970 ;
; SW[16]     ; HEX0[4]     ; 19.617 ; 19.617 ; 19.617 ; 19.617 ;
; SW[16]     ; HEX0[5]     ; 20.105 ; 20.105 ; 20.105 ; 20.105 ;
; SW[16]     ; HEX0[6]     ; 19.878 ; 19.878 ; 19.878 ; 19.878 ;
; SW[16]     ; HEX1[0]     ; 18.359 ; 18.359 ; 18.359 ; 18.359 ;
; SW[16]     ; HEX1[2]     ; 18.255 ; 18.255 ; 18.255 ; 18.255 ;
; SW[16]     ; HEX1[3]     ; 18.514 ; 18.514 ; 18.514 ; 18.514 ;
; SW[16]     ; HEX1[4]     ; 16.966 ; 16.966 ; 16.966 ; 16.966 ;
; SW[16]     ; HEX1[5]     ; 17.312 ; 17.312 ; 17.312 ; 17.312 ;
; SW[16]     ; HEX1[6]     ; 14.870 ; 14.870 ; 14.870 ; 14.870 ;
; SW[17]     ; HEX0[0]     ; 18.640 ; 18.640 ; 18.640 ; 18.640 ;
; SW[17]     ; HEX0[1]     ; 18.358 ; 18.358 ; 18.358 ; 18.358 ;
; SW[17]     ; HEX0[2]     ; 18.382 ; 18.382 ; 18.382 ; 18.382 ;
; SW[17]     ; HEX0[3]     ; 18.014 ; 18.014 ; 18.014 ; 18.014 ;
; SW[17]     ; HEX0[4]     ; 17.661 ; 17.661 ; 17.661 ; 17.661 ;
; SW[17]     ; HEX0[5]     ; 18.149 ; 18.149 ; 18.149 ; 18.149 ;
; SW[17]     ; HEX0[6]     ; 17.922 ; 17.922 ; 17.922 ; 17.922 ;
; SW[17]     ; HEX1[0]     ; 16.403 ; 16.403 ; 16.403 ; 16.403 ;
; SW[17]     ; HEX1[2]     ; 16.299 ; 16.299 ; 16.299 ; 16.299 ;
; SW[17]     ; HEX1[3]     ; 16.558 ; 16.558 ; 16.558 ; 16.558 ;
; SW[17]     ; HEX1[4]     ; 15.010 ; 15.010 ; 15.010 ; 15.010 ;
; SW[17]     ; HEX1[5]     ; 15.356 ; 15.356 ; 15.356 ; 15.356 ;
; SW[17]     ; HEX1[6]     ; 12.914 ; 12.914 ; 12.914 ; 12.914 ;
+------------+-------------+--------+--------+--------+--------+


+--------------------------------------------------------------+
; Minimum Propagation Delay                                    ;
+------------+-------------+--------+--------+--------+--------+
; Input Port ; Output Port ; RR     ; RF     ; FR     ; FF     ;
+------------+-------------+--------+--------+--------+--------+
; SW[0]      ; HEX0[0]     ; 8.700  ; 8.700  ; 8.700  ; 8.700  ;
; SW[0]      ; HEX0[1]     ; 8.419  ; 8.419  ; 8.419  ; 8.419  ;
; SW[0]      ; HEX0[2]     ; 8.413  ; 8.413  ; 8.413  ; 8.413  ;
; SW[0]      ; HEX0[3]     ; 8.897  ; 8.897  ; 8.897  ; 8.897  ;
; SW[0]      ; HEX0[4]     ; 8.662  ; 8.662  ; 8.662  ; 8.662  ;
; SW[0]      ; HEX0[5]     ; 9.197  ; 9.197  ; 9.197  ; 9.197  ;
; SW[0]      ; HEX0[6]     ; 8.832  ; 8.832  ; 8.832  ; 8.832  ;
; SW[0]      ; HEX1[0]     ; 10.915 ; 10.915 ; 10.915 ; 10.915 ;
; SW[0]      ; HEX1[2]     ; 10.762 ; 10.762 ; 10.762 ; 10.762 ;
; SW[0]      ; HEX1[3]     ; 11.070 ; 11.070 ; 11.070 ; 11.070 ;
; SW[0]      ; HEX1[4]     ; 9.807  ; 9.807  ; 9.807  ; 9.807  ;
; SW[0]      ; HEX1[5]     ; 9.818  ; 9.818  ; 9.818  ; 9.818  ;
; SW[0]      ; HEX1[6]     ; 10.071 ; 10.071 ; 10.071 ; 10.071 ;
; SW[1]      ; HEX0[0]     ; 9.834  ; 9.834  ; 9.834  ; 9.834  ;
; SW[1]      ; HEX0[1]     ; 9.594  ; 9.594  ; 9.594  ; 9.594  ;
; SW[1]      ; HEX0[2]     ; 9.618  ; 9.618  ; 9.618  ; 9.618  ;
; SW[1]      ; HEX0[3]     ; 9.139  ; 9.139  ; 9.139  ; 9.139  ;
; SW[1]      ; HEX0[4]     ; 9.362  ; 9.362  ; 9.362  ; 9.362  ;
; SW[1]      ; HEX0[5]     ; 9.481  ; 9.481  ; 9.481  ; 9.481  ;
; SW[1]      ; HEX0[6]     ; 9.131  ; 9.131  ; 9.131  ; 9.131  ;
; SW[1]      ; HEX1[0]     ; 10.091 ; 10.091 ; 10.091 ; 10.091 ;
; SW[1]      ; HEX1[2]     ; 9.938  ; 9.938  ; 9.938  ; 9.938  ;
; SW[1]      ; HEX1[3]     ; 10.246 ; 10.246 ; 10.246 ; 10.246 ;
; SW[1]      ; HEX1[4]     ; 8.976  ; 8.976  ; 8.976  ; 8.976  ;
; SW[1]      ; HEX1[5]     ; 8.994  ; 8.994  ; 8.994  ; 8.994  ;
; SW[1]      ; HEX1[6]     ; 9.247  ; 9.247  ; 9.247  ; 9.247  ;
; SW[2]      ; HEX0[0]     ; 11.019 ; 11.019 ; 11.019 ; 11.019 ;
; SW[2]      ; HEX0[1]     ; 10.655 ; 10.655 ; 10.655 ; 10.655 ;
; SW[2]      ; HEX0[2]     ; 10.651 ; 10.651 ; 10.651 ; 10.651 ;
; SW[2]      ; HEX0[3]     ; 10.500 ; 10.500 ; 10.500 ; 10.500 ;
; SW[2]      ; HEX0[4]     ; 9.957  ; 9.957  ; 9.957  ; 9.957  ;
; SW[2]      ; HEX0[5]     ; 10.664 ; 10.664 ; 10.664 ; 10.664 ;
; SW[2]      ; HEX0[6]     ; 10.468 ; 10.468 ; 10.468 ; 10.468 ;
; SW[2]      ; HEX1[0]     ; 10.172 ; 10.037 ; 10.037 ; 10.172 ;
; SW[2]      ; HEX1[2]     ; 9.884  ; 10.019 ; 10.019 ; 9.884  ;
; SW[2]      ; HEX1[3]     ; 10.327 ; 10.192 ; 10.192 ; 10.327 ;
; SW[2]      ; HEX1[4]     ; 9.700  ; 9.900  ; 9.900  ; 9.700  ;
; SW[2]      ; HEX1[5]     ; 8.940  ; 9.075  ; 9.075  ; 8.940  ;
; SW[2]      ; HEX1[6]     ; 9.328  ; 9.193  ; 9.193  ; 9.328  ;
; SW[3]      ; HEX0[0]     ; 9.962  ; 9.962  ; 9.962  ; 9.962  ;
; SW[3]      ; HEX0[1]     ; 10.443 ; 10.569 ; 10.569 ; 10.443 ;
; SW[3]      ; HEX0[2]     ; 10.565 ; 10.439 ; 10.439 ; 10.565 ;
; SW[3]      ; HEX0[3]     ; 9.528  ; 9.528  ; 9.528  ; 9.528  ;
; SW[3]      ; HEX0[4]     ; 9.867  ; 9.867  ; 9.867  ; 9.867  ;
; SW[3]      ; HEX0[5]     ; 9.607  ; 9.607  ; 9.607  ; 9.607  ;
; SW[3]      ; HEX0[6]     ; 9.679  ; 9.679  ; 9.679  ; 9.679  ;
; SW[3]      ; HEX1[0]     ; 9.115  ; 9.024  ; 9.024  ; 9.115  ;
; SW[3]      ; HEX1[2]     ; 8.871  ; 8.962  ; 8.962  ; 8.871  ;
; SW[3]      ; HEX1[3]     ; 9.270  ; 9.179  ; 9.179  ; 9.270  ;
; SW[3]      ; HEX1[4]     ; 8.641  ; 8.987  ; 8.987  ; 8.641  ;
; SW[3]      ; HEX1[5]     ; 7.927  ; 8.018  ; 8.018  ; 7.927  ;
; SW[3]      ; HEX1[6]     ; 8.271  ; 8.180  ; 8.180  ; 8.271  ;
; SW[10]     ; HEX0[0]     ; 8.690  ; 8.690  ; 8.690  ; 8.690  ;
; SW[10]     ; HEX0[1]     ; 8.409  ; 8.409  ; 8.409  ; 8.409  ;
; SW[10]     ; HEX0[2]     ; 8.403  ; 8.403  ; 8.403  ; 8.403  ;
; SW[10]     ; HEX0[3]     ; 8.887  ; 8.887  ; 8.887  ; 8.887  ;
; SW[10]     ; HEX0[4]     ; 8.652  ; 8.652  ; 8.652  ; 8.652  ;
; SW[10]     ; HEX0[5]     ; 9.187  ; 9.187  ; 9.187  ; 9.187  ;
; SW[10]     ; HEX0[6]     ; 8.822  ; 8.822  ; 8.822  ; 8.822  ;
; SW[10]     ; HEX1[0]     ; 10.906 ; 10.906 ; 10.906 ; 10.906 ;
; SW[10]     ; HEX1[2]     ; 10.753 ; 10.753 ; 10.753 ; 10.753 ;
; SW[10]     ; HEX1[3]     ; 11.061 ; 11.061 ; 11.061 ; 11.061 ;
; SW[10]     ; HEX1[4]     ; 9.798  ; 9.798  ; 9.798  ; 9.798  ;
; SW[10]     ; HEX1[5]     ; 9.809  ; 9.809  ; 9.809  ; 9.809  ;
; SW[10]     ; HEX1[6]     ; 10.062 ; 10.062 ; 10.062 ; 10.062 ;
; SW[14]     ; HEX0[0]     ; 12.442 ; 12.442 ; 12.442 ; 12.442 ;
; SW[14]     ; HEX0[1]     ; 12.161 ; 12.161 ; 12.161 ; 12.161 ;
; SW[14]     ; HEX0[2]     ; 12.155 ; 12.155 ; 12.155 ; 12.155 ;
; SW[14]     ; HEX0[3]     ; 12.639 ; 12.639 ; 12.639 ; 12.639 ;
; SW[14]     ; HEX0[4]     ; 12.404 ; 12.404 ; 12.404 ; 12.404 ;
; SW[14]     ; HEX0[5]     ; 12.939 ; 12.939 ; 12.939 ; 12.939 ;
; SW[14]     ; HEX0[6]     ; 12.574 ; 12.574 ; 12.574 ; 12.574 ;
; SW[14]     ; HEX1[0]     ; 14.648 ; 14.648 ; 14.648 ; 14.648 ;
; SW[14]     ; HEX1[2]     ; 14.495 ; 14.495 ; 14.495 ; 14.495 ;
; SW[14]     ; HEX1[3]     ; 14.803 ; 14.803 ; 14.803 ; 14.803 ;
; SW[14]     ; HEX1[4]     ; 13.540 ; 13.540 ; 13.540 ; 13.540 ;
; SW[14]     ; HEX1[5]     ; 13.551 ; 13.551 ; 13.551 ; 13.551 ;
; SW[14]     ; HEX1[6]     ; 13.804 ; 13.804 ; 13.804 ; 13.804 ;
; SW[15]     ; HEX0[0]     ; 13.606 ; 13.606 ; 13.606 ; 13.606 ;
; SW[15]     ; HEX0[1]     ; 13.366 ; 13.366 ; 13.366 ; 13.366 ;
; SW[15]     ; HEX0[2]     ; 13.390 ; 13.390 ; 13.390 ; 13.390 ;
; SW[15]     ; HEX0[3]     ; 12.911 ; 12.911 ; 12.911 ; 12.911 ;
; SW[15]     ; HEX0[4]     ; 13.216 ; 13.216 ; 13.216 ; 13.216 ;
; SW[15]     ; HEX0[5]     ; 13.253 ; 13.253 ; 13.253 ; 13.253 ;
; SW[15]     ; HEX0[6]     ; 12.903 ; 12.903 ; 12.903 ; 12.903 ;
; SW[15]     ; HEX1[0]     ; 14.008 ; 14.008 ; 14.008 ; 14.008 ;
; SW[15]     ; HEX1[2]     ; 13.855 ; 13.855 ; 13.855 ; 13.855 ;
; SW[15]     ; HEX1[3]     ; 14.163 ; 14.163 ; 14.163 ; 14.163 ;
; SW[15]     ; HEX1[4]     ; 12.882 ; 12.882 ; 12.882 ; 12.882 ;
; SW[15]     ; HEX1[5]     ; 12.911 ; 12.911 ; 12.911 ; 12.911 ;
; SW[15]     ; HEX1[6]     ; 13.164 ; 13.164 ; 13.164 ; 13.164 ;
; SW[16]     ; HEX0[0]     ; 15.203 ; 15.203 ; 15.203 ; 15.203 ;
; SW[16]     ; HEX0[1]     ; 14.840 ; 14.840 ; 14.840 ; 14.840 ;
; SW[16]     ; HEX0[2]     ; 14.836 ; 14.836 ; 14.836 ; 14.836 ;
; SW[16]     ; HEX0[3]     ; 14.685 ; 14.685 ; 14.685 ; 14.685 ;
; SW[16]     ; HEX0[4]     ; 14.142 ; 14.142 ; 14.142 ; 14.142 ;
; SW[16]     ; HEX0[5]     ; 14.848 ; 14.848 ; 14.848 ; 14.848 ;
; SW[16]     ; HEX0[6]     ; 14.653 ; 14.653 ; 14.653 ; 14.653 ;
; SW[16]     ; HEX1[0]     ; 14.356 ; 14.046 ; 14.046 ; 14.356 ;
; SW[16]     ; HEX1[2]     ; 13.893 ; 14.203 ; 14.203 ; 13.893 ;
; SW[16]     ; HEX1[3]     ; 14.511 ; 14.201 ; 14.201 ; 14.511 ;
; SW[16]     ; HEX1[4]     ; 13.709 ; 14.085 ; 14.085 ; 13.709 ;
; SW[16]     ; HEX1[5]     ; 12.949 ; 13.259 ; 13.259 ; 12.949 ;
; SW[16]     ; HEX1[6]     ; 13.512 ; 13.202 ; 13.202 ; 13.512 ;
; SW[17]     ; HEX0[0]     ; 14.605 ; 14.605 ; 14.605 ; 14.605 ;
; SW[17]     ; HEX0[1]     ; 15.080 ; 15.206 ; 15.206 ; 15.080 ;
; SW[17]     ; HEX0[2]     ; 15.202 ; 15.076 ; 15.076 ; 15.202 ;
; SW[17]     ; HEX0[3]     ; 14.171 ; 14.171 ; 14.171 ; 14.171 ;
; SW[17]     ; HEX0[4]     ; 14.504 ; 14.504 ; 14.504 ; 14.504 ;
; SW[17]     ; HEX0[5]     ; 14.250 ; 14.250 ; 14.250 ; 14.250 ;
; SW[17]     ; HEX0[6]     ; 14.322 ; 14.322 ; 14.322 ; 14.322 ;
; SW[17]     ; HEX1[0]     ; 13.758 ; 13.661 ; 13.661 ; 13.758 ;
; SW[17]     ; HEX1[2]     ; 13.508 ; 13.605 ; 13.605 ; 13.508 ;
; SW[17]     ; HEX1[3]     ; 13.913 ; 13.816 ; 13.816 ; 13.913 ;
; SW[17]     ; HEX1[4]     ; 13.278 ; 13.630 ; 13.630 ; 13.278 ;
; SW[17]     ; HEX1[5]     ; 12.564 ; 12.661 ; 12.661 ; 12.564 ;
; SW[17]     ; HEX1[6]     ; 12.914 ; 12.817 ; 12.817 ; 12.914 ;
+------------+-------------+--------+--------+--------+--------+


----------------------------
; Fast Model Setup Summary ;
----------------------------
No paths to report.


---------------------------
; Fast Model Hold Summary ;
---------------------------
No paths to report.


-------------------------------
; Fast Model Recovery Summary ;
-------------------------------
No paths to report.


------------------------------
; Fast Model Removal Summary ;
------------------------------
No paths to report.


------------------------------------------
; Fast Model Minimum Pulse Width Summary ;
------------------------------------------
No paths to report.


+--------------------------------------------------------------+
; Propagation Delay                                            ;
+------------+-------------+--------+--------+--------+--------+
; Input Port ; Output Port ; RR     ; RF     ; FR     ; FF     ;
+------------+-------------+--------+--------+--------+--------+
; SW[0]      ; HEX0[0]     ; 7.810  ; 7.810  ; 7.810  ; 7.810  ;
; SW[0]      ; HEX0[1]     ; 7.639  ; 7.639  ; 7.639  ; 7.639  ;
; SW[0]      ; HEX0[2]     ; 7.649  ; 7.649  ; 7.649  ; 7.649  ;
; SW[0]      ; HEX0[3]     ; 7.503  ; 7.503  ; 7.503  ; 7.503  ;
; SW[0]      ; HEX0[4]     ; 7.315  ; 7.315  ; 7.315  ; 7.315  ;
; SW[0]      ; HEX0[5]     ; 7.556  ; 7.556  ; 7.556  ; 7.556  ;
; SW[0]      ; HEX0[6]     ; 7.443  ; 7.443  ; 7.443  ; 7.443  ;
; SW[0]      ; HEX1[0]     ; 6.751  ; 6.751  ; 6.751  ; 6.751  ;
; SW[0]      ; HEX1[2]     ; 6.634  ; 6.634  ; 6.634  ; 6.634  ;
; SW[0]      ; HEX1[3]     ; 6.772  ; 6.772  ; 6.772  ; 6.772  ;
; SW[0]      ; HEX1[4]     ; 6.109  ; 6.109  ; 6.109  ; 6.109  ;
; SW[0]      ; HEX1[5]     ; 6.246  ; 6.246  ; 6.246  ; 6.246  ;
; SW[0]      ; HEX1[6]     ; 5.193  ; 5.193  ; 5.193  ; 5.193  ;
; SW[1]      ; HEX0[0]     ; 7.391  ; 7.391  ; 7.391  ; 7.391  ;
; SW[1]      ; HEX0[1]     ; 7.220  ; 7.220  ; 7.220  ; 7.220  ;
; SW[1]      ; HEX0[2]     ; 7.230  ; 7.230  ; 7.230  ; 7.230  ;
; SW[1]      ; HEX0[3]     ; 7.084  ; 7.084  ; 7.084  ; 7.084  ;
; SW[1]      ; HEX0[4]     ; 6.896  ; 6.896  ; 6.896  ; 6.896  ;
; SW[1]      ; HEX0[5]     ; 7.137  ; 7.137  ; 7.137  ; 7.137  ;
; SW[1]      ; HEX0[6]     ; 7.024  ; 7.024  ; 7.024  ; 7.024  ;
; SW[1]      ; HEX1[0]     ; 6.332  ; 6.332  ; 6.332  ; 6.332  ;
; SW[1]      ; HEX1[2]     ; 6.215  ; 6.215  ; 6.215  ; 6.215  ;
; SW[1]      ; HEX1[3]     ; 6.353  ; 6.353  ; 6.353  ; 6.353  ;
; SW[1]      ; HEX1[4]     ; 5.690  ; 5.690  ; 5.690  ; 5.690  ;
; SW[1]      ; HEX1[5]     ; 5.827  ; 5.827  ; 5.827  ; 5.827  ;
; SW[1]      ; HEX1[6]     ; 4.774  ; 4.774  ; 4.774  ; 4.774  ;
; SW[2]      ; HEX0[0]     ; 7.805  ; 7.805  ; 7.805  ; 7.805  ;
; SW[2]      ; HEX0[1]     ; 7.634  ; 7.634  ; 7.634  ; 7.634  ;
; SW[2]      ; HEX0[2]     ; 7.644  ; 7.644  ; 7.644  ; 7.644  ;
; SW[2]      ; HEX0[3]     ; 7.498  ; 7.498  ; 7.498  ; 7.498  ;
; SW[2]      ; HEX0[4]     ; 7.310  ; 7.310  ; 7.310  ; 7.310  ;
; SW[2]      ; HEX0[5]     ; 7.551  ; 7.551  ; 7.551  ; 7.551  ;
; SW[2]      ; HEX0[6]     ; 7.438  ; 7.438  ; 7.438  ; 7.438  ;
; SW[2]      ; HEX1[0]     ; 6.746  ; 6.746  ; 6.746  ; 6.746  ;
; SW[2]      ; HEX1[2]     ; 6.629  ; 6.629  ; 6.629  ; 6.629  ;
; SW[2]      ; HEX1[3]     ; 6.767  ; 6.767  ; 6.767  ; 6.767  ;
; SW[2]      ; HEX1[4]     ; 6.104  ; 6.104  ; 6.104  ; 6.104  ;
; SW[2]      ; HEX1[5]     ; 6.241  ; 6.241  ; 6.241  ; 6.241  ;
; SW[2]      ; HEX1[6]     ; 5.188  ; 5.188  ; 5.188  ; 5.188  ;
; SW[3]      ; HEX0[0]     ; 6.670  ; 6.670  ; 6.670  ; 6.670  ;
; SW[3]      ; HEX0[1]     ; 6.499  ; 6.499  ; 6.499  ; 6.499  ;
; SW[3]      ; HEX0[2]     ; 6.509  ; 6.509  ; 6.509  ; 6.509  ;
; SW[3]      ; HEX0[3]     ; 6.363  ; 6.363  ; 6.363  ; 6.363  ;
; SW[3]      ; HEX0[4]     ; 6.175  ; 6.175  ; 6.175  ; 6.175  ;
; SW[3]      ; HEX0[5]     ; 6.416  ; 6.416  ; 6.416  ; 6.416  ;
; SW[3]      ; HEX0[6]     ; 6.303  ; 6.303  ; 6.303  ; 6.303  ;
; SW[3]      ; HEX1[0]     ; 5.693  ; 5.630  ; 5.630  ; 5.693  ;
; SW[3]      ; HEX1[2]     ; 5.513  ; 5.576  ; 5.576  ; 5.513  ;
; SW[3]      ; HEX1[3]     ; 5.714  ; 5.651  ; 5.651  ; 5.714  ;
; SW[3]      ; HEX1[4]     ; 5.051  ; 4.988  ; 4.988  ; 5.051  ;
; SW[3]      ; HEX1[5]     ; 5.188  ; 5.125  ; 5.125  ; 5.188  ;
; SW[3]      ; HEX1[6]     ; 4.053  ; 4.135  ; 4.135  ; 4.053  ;
; SW[10]     ; HEX0[0]     ; 7.825  ; 7.825  ; 7.825  ; 7.825  ;
; SW[10]     ; HEX0[1]     ; 7.654  ; 7.654  ; 7.654  ; 7.654  ;
; SW[10]     ; HEX0[2]     ; 7.664  ; 7.664  ; 7.664  ; 7.664  ;
; SW[10]     ; HEX0[3]     ; 7.518  ; 7.518  ; 7.518  ; 7.518  ;
; SW[10]     ; HEX0[4]     ; 7.330  ; 7.330  ; 7.330  ; 7.330  ;
; SW[10]     ; HEX0[5]     ; 7.571  ; 7.571  ; 7.571  ; 7.571  ;
; SW[10]     ; HEX0[6]     ; 7.458  ; 7.458  ; 7.458  ; 7.458  ;
; SW[10]     ; HEX1[0]     ; 6.766  ; 6.766  ; 6.766  ; 6.766  ;
; SW[10]     ; HEX1[2]     ; 6.649  ; 6.649  ; 6.649  ; 6.649  ;
; SW[10]     ; HEX1[3]     ; 6.787  ; 6.787  ; 6.787  ; 6.787  ;
; SW[10]     ; HEX1[4]     ; 6.124  ; 6.124  ; 6.124  ; 6.124  ;
; SW[10]     ; HEX1[5]     ; 6.261  ; 6.261  ; 6.261  ; 6.261  ;
; SW[10]     ; HEX1[6]     ; 5.208  ; 5.208  ; 5.208  ; 5.208  ;
; SW[14]     ; HEX0[0]     ; 10.137 ; 10.137 ; 10.137 ; 10.137 ;
; SW[14]     ; HEX0[1]     ; 9.966  ; 9.966  ; 9.966  ; 9.966  ;
; SW[14]     ; HEX0[2]     ; 9.976  ; 9.976  ; 9.976  ; 9.976  ;
; SW[14]     ; HEX0[3]     ; 9.830  ; 9.830  ; 9.830  ; 9.830  ;
; SW[14]     ; HEX0[4]     ; 9.642  ; 9.642  ; 9.642  ; 9.642  ;
; SW[14]     ; HEX0[5]     ; 9.883  ; 9.883  ; 9.883  ; 9.883  ;
; SW[14]     ; HEX0[6]     ; 9.770  ; 9.770  ; 9.770  ; 9.770  ;
; SW[14]     ; HEX1[0]     ; 9.078  ; 9.078  ; 9.078  ; 9.078  ;
; SW[14]     ; HEX1[2]     ; 8.961  ; 8.961  ; 8.961  ; 8.961  ;
; SW[14]     ; HEX1[3]     ; 9.099  ; 9.099  ; 9.099  ; 9.099  ;
; SW[14]     ; HEX1[4]     ; 8.436  ; 8.436  ; 8.436  ; 8.436  ;
; SW[14]     ; HEX1[5]     ; 8.573  ; 8.573  ; 8.573  ; 8.573  ;
; SW[14]     ; HEX1[6]     ; 7.520  ; 7.520  ; 7.520  ; 7.520  ;
; SW[15]     ; HEX0[0]     ; 9.880  ; 9.880  ; 9.880  ; 9.880  ;
; SW[15]     ; HEX0[1]     ; 9.709  ; 9.709  ; 9.709  ; 9.709  ;
; SW[15]     ; HEX0[2]     ; 9.719  ; 9.719  ; 9.719  ; 9.719  ;
; SW[15]     ; HEX0[3]     ; 9.573  ; 9.573  ; 9.573  ; 9.573  ;
; SW[15]     ; HEX0[4]     ; 9.385  ; 9.385  ; 9.385  ; 9.385  ;
; SW[15]     ; HEX0[5]     ; 9.626  ; 9.626  ; 9.626  ; 9.626  ;
; SW[15]     ; HEX0[6]     ; 9.513  ; 9.513  ; 9.513  ; 9.513  ;
; SW[15]     ; HEX1[0]     ; 8.821  ; 8.821  ; 8.821  ; 8.821  ;
; SW[15]     ; HEX1[2]     ; 8.704  ; 8.704  ; 8.704  ; 8.704  ;
; SW[15]     ; HEX1[3]     ; 8.842  ; 8.842  ; 8.842  ; 8.842  ;
; SW[15]     ; HEX1[4]     ; 8.179  ; 8.179  ; 8.179  ; 8.179  ;
; SW[15]     ; HEX1[5]     ; 8.316  ; 8.316  ; 8.316  ; 8.316  ;
; SW[15]     ; HEX1[6]     ; 7.263  ; 7.263  ; 7.263  ; 7.263  ;
; SW[16]     ; HEX0[0]     ; 10.318 ; 10.318 ; 10.318 ; 10.318 ;
; SW[16]     ; HEX0[1]     ; 10.147 ; 10.147 ; 10.147 ; 10.147 ;
; SW[16]     ; HEX0[2]     ; 10.157 ; 10.157 ; 10.157 ; 10.157 ;
; SW[16]     ; HEX0[3]     ; 10.011 ; 10.011 ; 10.011 ; 10.011 ;
; SW[16]     ; HEX0[4]     ; 9.823  ; 9.823  ; 9.823  ; 9.823  ;
; SW[16]     ; HEX0[5]     ; 10.064 ; 10.064 ; 10.064 ; 10.064 ;
; SW[16]     ; HEX0[6]     ; 9.951  ; 9.951  ; 9.951  ; 9.951  ;
; SW[16]     ; HEX1[0]     ; 9.259  ; 9.259  ; 9.259  ; 9.259  ;
; SW[16]     ; HEX1[2]     ; 9.142  ; 9.142  ; 9.142  ; 9.142  ;
; SW[16]     ; HEX1[3]     ; 9.280  ; 9.280  ; 9.280  ; 9.280  ;
; SW[16]     ; HEX1[4]     ; 8.617  ; 8.617  ; 8.617  ; 8.617  ;
; SW[16]     ; HEX1[5]     ; 8.754  ; 8.754  ; 8.754  ; 8.754  ;
; SW[16]     ; HEX1[6]     ; 7.701  ; 7.701  ; 7.701  ; 7.701  ;
; SW[17]     ; HEX0[0]     ; 9.480  ; 9.480  ; 9.480  ; 9.480  ;
; SW[17]     ; HEX0[1]     ; 9.309  ; 9.309  ; 9.309  ; 9.309  ;
; SW[17]     ; HEX0[2]     ; 9.319  ; 9.319  ; 9.319  ; 9.319  ;
; SW[17]     ; HEX0[3]     ; 9.173  ; 9.173  ; 9.173  ; 9.173  ;
; SW[17]     ; HEX0[4]     ; 8.985  ; 8.985  ; 8.985  ; 8.985  ;
; SW[17]     ; HEX0[5]     ; 9.226  ; 9.226  ; 9.226  ; 9.226  ;
; SW[17]     ; HEX0[6]     ; 9.113  ; 9.113  ; 9.113  ; 9.113  ;
; SW[17]     ; HEX1[0]     ; 8.421  ; 8.421  ; 8.421  ; 8.421  ;
; SW[17]     ; HEX1[2]     ; 8.304  ; 8.304  ; 8.304  ; 8.304  ;
; SW[17]     ; HEX1[3]     ; 8.442  ; 8.442  ; 8.442  ; 8.442  ;
; SW[17]     ; HEX1[4]     ; 7.779  ; 7.779  ; 7.779  ; 7.779  ;
; SW[17]     ; HEX1[5]     ; 7.916  ; 7.916  ; 7.916  ; 7.916  ;
; SW[17]     ; HEX1[6]     ; 6.863  ; 6.863  ; 6.863  ; 6.863  ;
+------------+-------------+--------+--------+--------+--------+


+----------------------------------------------------------+
; Minimum Propagation Delay                                ;
+------------+-------------+-------+-------+-------+-------+
; Input Port ; Output Port ; RR    ; RF    ; FR    ; FF    ;
+------------+-------------+-------+-------+-------+-------+
; SW[0]      ; HEX0[0]     ; 4.446 ; 4.446 ; 4.446 ; 4.446 ;
; SW[0]      ; HEX0[1]     ; 4.288 ; 4.288 ; 4.288 ; 4.288 ;
; SW[0]      ; HEX0[2]     ; 4.299 ; 4.299 ; 4.299 ; 4.299 ;
; SW[0]      ; HEX0[3]     ; 4.517 ; 4.517 ; 4.517 ; 4.517 ;
; SW[0]      ; HEX0[4]     ; 4.389 ; 4.389 ; 4.389 ; 4.389 ;
; SW[0]      ; HEX0[5]     ; 4.645 ; 4.645 ; 4.645 ; 4.645 ;
; SW[0]      ; HEX0[6]     ; 4.457 ; 4.457 ; 4.457 ; 4.457 ;
; SW[0]      ; HEX1[0]     ; 5.334 ; 5.334 ; 5.334 ; 5.334 ;
; SW[0]      ; HEX1[2]     ; 5.211 ; 5.211 ; 5.211 ; 5.211 ;
; SW[0]      ; HEX1[3]     ; 5.355 ; 5.355 ; 5.355 ; 5.355 ;
; SW[0]      ; HEX1[4]     ; 4.845 ; 4.845 ; 4.845 ; 4.845 ;
; SW[0]      ; HEX1[5]     ; 4.848 ; 4.848 ; 4.848 ; 4.848 ;
; SW[0]      ; HEX1[6]     ; 4.920 ; 4.920 ; 4.920 ; 4.920 ;
; SW[1]      ; HEX0[0]     ; 4.962 ; 4.962 ; 4.962 ; 4.962 ;
; SW[1]      ; HEX0[1]     ; 4.809 ; 4.809 ; 4.809 ; 4.809 ;
; SW[1]      ; HEX0[2]     ; 4.819 ; 4.819 ; 4.819 ; 4.819 ;
; SW[1]      ; HEX0[3]     ; 4.655 ; 4.655 ; 4.655 ; 4.655 ;
; SW[1]      ; HEX0[4]     ; 4.709 ; 4.709 ; 4.709 ; 4.709 ;
; SW[1]      ; HEX0[5]     ; 4.796 ; 4.796 ; 4.796 ; 4.796 ;
; SW[1]      ; HEX0[6]     ; 4.617 ; 4.617 ; 4.617 ; 4.617 ;
; SW[1]      ; HEX1[0]     ; 4.993 ; 4.993 ; 4.993 ; 4.993 ;
; SW[1]      ; HEX1[2]     ; 4.870 ; 4.870 ; 4.870 ; 4.870 ;
; SW[1]      ; HEX1[3]     ; 5.014 ; 5.014 ; 5.014 ; 5.014 ;
; SW[1]      ; HEX1[4]     ; 4.496 ; 4.496 ; 4.496 ; 4.496 ;
; SW[1]      ; HEX1[5]     ; 4.507 ; 4.507 ; 4.507 ; 4.507 ;
; SW[1]      ; HEX1[6]     ; 4.579 ; 4.579 ; 4.579 ; 4.579 ;
; SW[2]      ; HEX0[0]     ; 5.533 ; 5.533 ; 5.533 ; 5.533 ;
; SW[2]      ; HEX0[1]     ; 5.272 ; 5.272 ; 5.272 ; 5.272 ;
; SW[2]      ; HEX0[2]     ; 5.274 ; 5.274 ; 5.274 ; 5.274 ;
; SW[2]      ; HEX0[3]     ; 5.243 ; 5.243 ; 5.243 ; 5.243 ;
; SW[2]      ; HEX0[4]     ; 4.952 ; 4.952 ; 4.952 ; 4.952 ;
; SW[2]      ; HEX0[5]     ; 5.364 ; 5.364 ; 5.364 ; 5.364 ;
; SW[2]      ; HEX0[6]     ; 5.201 ; 5.201 ; 5.201 ; 5.201 ;
; SW[2]      ; HEX1[0]     ; 5.041 ; 4.974 ; 4.974 ; 5.041 ;
; SW[2]      ; HEX1[2]     ; 4.851 ; 4.918 ; 4.918 ; 4.851 ;
; SW[2]      ; HEX1[3]     ; 5.062 ; 4.995 ; 4.995 ; 5.062 ;
; SW[2]      ; HEX1[4]     ; 4.796 ; 4.869 ; 4.869 ; 4.796 ;
; SW[2]      ; HEX1[5]     ; 4.488 ; 4.555 ; 4.555 ; 4.488 ;
; SW[2]      ; HEX1[6]     ; 4.627 ; 4.560 ; 4.560 ; 4.627 ;
; SW[3]      ; HEX0[0]     ; 4.959 ; 4.959 ; 4.959 ; 4.959 ;
; SW[3]      ; HEX0[1]     ; 5.041 ; 5.101 ; 5.101 ; 5.041 ;
; SW[3]      ; HEX0[2]     ; 5.103 ; 5.043 ; 5.043 ; 5.103 ;
; SW[3]      ; HEX0[3]     ; 4.763 ; 4.763 ; 4.763 ; 4.763 ;
; SW[3]      ; HEX0[4]     ; 4.804 ; 4.804 ; 4.804 ; 4.804 ;
; SW[3]      ; HEX0[5]     ; 4.790 ; 4.790 ; 4.790 ; 4.790 ;
; SW[3]      ; HEX0[6]     ; 4.790 ; 4.790 ; 4.790 ; 4.790 ;
; SW[3]      ; HEX1[0]     ; 4.467 ; 4.429 ; 4.429 ; 4.467 ;
; SW[3]      ; HEX1[2]     ; 4.306 ; 4.344 ; 4.344 ; 4.306 ;
; SW[3]      ; HEX1[3]     ; 4.488 ; 4.450 ; 4.450 ; 4.488 ;
; SW[3]      ; HEX1[4]     ; 4.233 ; 4.397 ; 4.397 ; 4.233 ;
; SW[3]      ; HEX1[5]     ; 3.943 ; 3.981 ; 3.981 ; 3.943 ;
; SW[3]      ; HEX1[6]     ; 4.053 ; 4.015 ; 4.015 ; 4.053 ;
; SW[10]     ; HEX0[0]     ; 4.459 ; 4.459 ; 4.459 ; 4.459 ;
; SW[10]     ; HEX0[1]     ; 4.301 ; 4.301 ; 4.301 ; 4.301 ;
; SW[10]     ; HEX0[2]     ; 4.312 ; 4.312 ; 4.312 ; 4.312 ;
; SW[10]     ; HEX0[3]     ; 4.530 ; 4.530 ; 4.530 ; 4.530 ;
; SW[10]     ; HEX0[4]     ; 4.402 ; 4.402 ; 4.402 ; 4.402 ;
; SW[10]     ; HEX0[5]     ; 4.658 ; 4.658 ; 4.658 ; 4.658 ;
; SW[10]     ; HEX0[6]     ; 4.470 ; 4.470 ; 4.470 ; 4.470 ;
; SW[10]     ; HEX1[0]     ; 5.349 ; 5.349 ; 5.349 ; 5.349 ;
; SW[10]     ; HEX1[2]     ; 5.226 ; 5.226 ; 5.226 ; 5.226 ;
; SW[10]     ; HEX1[3]     ; 5.370 ; 5.370 ; 5.370 ; 5.370 ;
; SW[10]     ; HEX1[4]     ; 4.860 ; 4.860 ; 4.860 ; 4.860 ;
; SW[10]     ; HEX1[5]     ; 4.863 ; 4.863 ; 4.863 ; 4.863 ;
; SW[10]     ; HEX1[6]     ; 4.935 ; 4.935 ; 4.935 ; 4.935 ;
; SW[14]     ; HEX0[0]     ; 6.782 ; 6.782 ; 6.782 ; 6.782 ;
; SW[14]     ; HEX0[1]     ; 6.624 ; 6.624 ; 6.624 ; 6.624 ;
; SW[14]     ; HEX0[2]     ; 6.635 ; 6.635 ; 6.635 ; 6.635 ;
; SW[14]     ; HEX0[3]     ; 6.853 ; 6.853 ; 6.853 ; 6.853 ;
; SW[14]     ; HEX0[4]     ; 6.725 ; 6.725 ; 6.725 ; 6.725 ;
; SW[14]     ; HEX0[5]     ; 6.981 ; 6.981 ; 6.981 ; 6.981 ;
; SW[14]     ; HEX0[6]     ; 6.793 ; 6.793 ; 6.793 ; 6.793 ;
; SW[14]     ; HEX1[0]     ; 7.661 ; 7.661 ; 7.661 ; 7.661 ;
; SW[14]     ; HEX1[2]     ; 7.538 ; 7.538 ; 7.538 ; 7.538 ;
; SW[14]     ; HEX1[3]     ; 7.682 ; 7.682 ; 7.682 ; 7.682 ;
; SW[14]     ; HEX1[4]     ; 7.172 ; 7.172 ; 7.172 ; 7.172 ;
; SW[14]     ; HEX1[5]     ; 7.175 ; 7.175 ; 7.175 ; 7.175 ;
; SW[14]     ; HEX1[6]     ; 7.247 ; 7.247 ; 7.247 ; 7.247 ;
; SW[15]     ; HEX0[0]     ; 7.297 ; 7.297 ; 7.297 ; 7.297 ;
; SW[15]     ; HEX0[1]     ; 7.144 ; 7.144 ; 7.144 ; 7.144 ;
; SW[15]     ; HEX0[2]     ; 7.154 ; 7.154 ; 7.154 ; 7.154 ;
; SW[15]     ; HEX0[3]     ; 6.990 ; 6.990 ; 6.990 ; 6.990 ;
; SW[15]     ; HEX0[4]     ; 7.108 ; 7.108 ; 7.108 ; 7.108 ;
; SW[15]     ; HEX0[5]     ; 7.131 ; 7.131 ; 7.131 ; 7.131 ;
; SW[15]     ; HEX0[6]     ; 6.952 ; 6.952 ; 6.952 ; 6.952 ;
; SW[15]     ; HEX1[0]     ; 7.400 ; 7.400 ; 7.400 ; 7.400 ;
; SW[15]     ; HEX1[2]     ; 7.277 ; 7.277 ; 7.277 ; 7.277 ;
; SW[15]     ; HEX1[3]     ; 7.421 ; 7.421 ; 7.421 ; 7.421 ;
; SW[15]     ; HEX1[4]     ; 6.898 ; 6.898 ; 6.898 ; 6.898 ;
; SW[15]     ; HEX1[5]     ; 6.914 ; 6.914 ; 6.914 ; 6.914 ;
; SW[15]     ; HEX1[6]     ; 6.986 ; 6.986 ; 6.986 ; 6.986 ;
; SW[16]     ; HEX0[0]     ; 8.026 ; 8.026 ; 8.026 ; 8.026 ;
; SW[16]     ; HEX0[1]     ; 7.786 ; 7.786 ; 7.786 ; 7.786 ;
; SW[16]     ; HEX0[2]     ; 7.788 ; 7.788 ; 7.788 ; 7.788 ;
; SW[16]     ; HEX0[3]     ; 7.757 ; 7.757 ; 7.757 ; 7.757 ;
; SW[16]     ; HEX0[4]     ; 7.466 ; 7.466 ; 7.466 ; 7.466 ;
; SW[16]     ; HEX0[5]     ; 7.816 ; 7.816 ; 7.816 ; 7.816 ;
; SW[16]     ; HEX0[6]     ; 7.715 ; 7.715 ; 7.715 ; 7.715 ;
; SW[16]     ; HEX1[0]     ; 7.534 ; 7.408 ; 7.408 ; 7.534 ;
; SW[16]     ; HEX1[2]     ; 7.285 ; 7.411 ; 7.411 ; 7.285 ;
; SW[16]     ; HEX1[3]     ; 7.555 ; 7.429 ; 7.429 ; 7.555 ;
; SW[16]     ; HEX1[4]     ; 7.230 ; 7.383 ; 7.383 ; 7.230 ;
; SW[16]     ; HEX1[5]     ; 6.922 ; 7.048 ; 7.048 ; 6.922 ;
; SW[16]     ; HEX1[6]     ; 7.120 ; 6.994 ; 6.994 ; 7.120 ;
; SW[17]     ; HEX0[0]     ; 7.769 ; 7.769 ; 7.769 ; 7.769 ;
; SW[17]     ; HEX0[1]     ; 7.853 ; 7.913 ; 7.913 ; 7.853 ;
; SW[17]     ; HEX0[2]     ; 7.915 ; 7.855 ; 7.855 ; 7.915 ;
; SW[17]     ; HEX0[3]     ; 7.573 ; 7.573 ; 7.573 ; 7.573 ;
; SW[17]     ; HEX0[4]     ; 7.616 ; 7.616 ; 7.616 ; 7.616 ;
; SW[17]     ; HEX0[5]     ; 7.600 ; 7.600 ; 7.600 ; 7.600 ;
; SW[17]     ; HEX0[6]     ; 7.600 ; 7.600 ; 7.600 ; 7.600 ;
; SW[17]     ; HEX1[0]     ; 7.277 ; 7.241 ; 7.241 ; 7.277 ;
; SW[17]     ; HEX1[2]     ; 7.118 ; 7.154 ; 7.154 ; 7.118 ;
; SW[17]     ; HEX1[3]     ; 7.298 ; 7.262 ; 7.262 ; 7.298 ;
; SW[17]     ; HEX1[4]     ; 7.045 ; 7.207 ; 7.207 ; 7.045 ;
; SW[17]     ; HEX1[5]     ; 6.755 ; 6.791 ; 6.791 ; 6.755 ;
; SW[17]     ; HEX1[6]     ; 6.863 ; 6.827 ; 6.827 ; 6.863 ;
+------------+-------------+-------+-------+-------+-------+


+----------------------------------------------------------------------------+
; Multicorner Timing Analysis Summary                                        ;
+------------------+-------+------+----------+---------+---------------------+
; Clock            ; Setup ; Hold ; Recovery ; Removal ; Minimum Pulse Width ;
+------------------+-------+------+----------+---------+---------------------+
; Worst-case Slack ; N/A   ; N/A  ; N/A      ; N/A     ; N/A                 ;
; Design-wide TNS  ; 0.0   ; 0.0  ; 0.0      ; 0.0     ; 0.0                 ;
+------------------+-------+------+----------+---------+---------------------+


+--------------------------------------------------------------+
; Progagation Delay                                            ;
+------------+-------------+--------+--------+--------+--------+
; Input Port ; Output Port ; RR     ; RF     ; FR     ; FF     ;
+------------+-------------+--------+--------+--------+--------+
; SW[0]      ; HEX0[0]     ; 16.456 ; 16.456 ; 16.456 ; 16.456 ;
; SW[0]      ; HEX0[1]     ; 16.174 ; 16.174 ; 16.174 ; 16.174 ;
; SW[0]      ; HEX0[2]     ; 16.198 ; 16.198 ; 16.198 ; 16.198 ;
; SW[0]      ; HEX0[3]     ; 15.830 ; 15.830 ; 15.830 ; 15.830 ;
; SW[0]      ; HEX0[4]     ; 15.477 ; 15.477 ; 15.477 ; 15.477 ;
; SW[0]      ; HEX0[5]     ; 15.965 ; 15.965 ; 15.965 ; 15.965 ;
; SW[0]      ; HEX0[6]     ; 15.738 ; 15.738 ; 15.738 ; 15.738 ;
; SW[0]      ; HEX1[0]     ; 14.219 ; 14.219 ; 14.219 ; 14.219 ;
; SW[0]      ; HEX1[2]     ; 14.115 ; 14.115 ; 14.115 ; 14.115 ;
; SW[0]      ; HEX1[3]     ; 14.374 ; 14.374 ; 14.374 ; 14.374 ;
; SW[0]      ; HEX1[4]     ; 12.826 ; 12.826 ; 12.826 ; 12.826 ;
; SW[0]      ; HEX1[5]     ; 13.172 ; 13.172 ; 13.172 ; 13.172 ;
; SW[0]      ; HEX1[6]     ; 10.730 ; 10.730 ; 10.730 ; 10.730 ;
; SW[1]      ; HEX0[0]     ; 15.459 ; 15.459 ; 15.459 ; 15.459 ;
; SW[1]      ; HEX0[1]     ; 15.177 ; 15.177 ; 15.177 ; 15.177 ;
; SW[1]      ; HEX0[2]     ; 15.201 ; 15.201 ; 15.201 ; 15.201 ;
; SW[1]      ; HEX0[3]     ; 14.833 ; 14.833 ; 14.833 ; 14.833 ;
; SW[1]      ; HEX0[4]     ; 14.480 ; 14.480 ; 14.480 ; 14.480 ;
; SW[1]      ; HEX0[5]     ; 14.968 ; 14.968 ; 14.968 ; 14.968 ;
; SW[1]      ; HEX0[6]     ; 14.741 ; 14.741 ; 14.741 ; 14.741 ;
; SW[1]      ; HEX1[0]     ; 13.222 ; 13.222 ; 13.222 ; 13.222 ;
; SW[1]      ; HEX1[2]     ; 13.118 ; 13.118 ; 13.118 ; 13.118 ;
; SW[1]      ; HEX1[3]     ; 13.377 ; 13.377 ; 13.377 ; 13.377 ;
; SW[1]      ; HEX1[4]     ; 11.829 ; 11.829 ; 11.829 ; 11.829 ;
; SW[1]      ; HEX1[5]     ; 12.175 ; 12.175 ; 12.175 ; 12.175 ;
; SW[1]      ; HEX1[6]     ; 9.733  ; 9.733  ; 9.733  ; 9.733  ;
; SW[2]      ; HEX0[0]     ; 16.381 ; 16.381 ; 16.381 ; 16.381 ;
; SW[2]      ; HEX0[1]     ; 16.099 ; 16.099 ; 16.099 ; 16.099 ;
; SW[2]      ; HEX0[2]     ; 16.123 ; 16.123 ; 16.123 ; 16.123 ;
; SW[2]      ; HEX0[3]     ; 15.755 ; 15.755 ; 15.755 ; 15.755 ;
; SW[2]      ; HEX0[4]     ; 15.402 ; 15.402 ; 15.402 ; 15.402 ;
; SW[2]      ; HEX0[5]     ; 15.890 ; 15.890 ; 15.890 ; 15.890 ;
; SW[2]      ; HEX0[6]     ; 15.663 ; 15.663 ; 15.663 ; 15.663 ;
; SW[2]      ; HEX1[0]     ; 14.144 ; 14.144 ; 14.144 ; 14.144 ;
; SW[2]      ; HEX1[2]     ; 14.040 ; 14.040 ; 14.040 ; 14.040 ;
; SW[2]      ; HEX1[3]     ; 14.299 ; 14.299 ; 14.299 ; 14.299 ;
; SW[2]      ; HEX1[4]     ; 12.751 ; 12.751 ; 12.751 ; 12.751 ;
; SW[2]      ; HEX1[5]     ; 13.097 ; 13.097 ; 13.097 ; 13.097 ;
; SW[2]      ; HEX1[6]     ; 10.655 ; 10.655 ; 10.655 ; 10.655 ;
; SW[3]      ; HEX0[0]     ; 13.997 ; 13.997 ; 13.997 ; 13.997 ;
; SW[3]      ; HEX0[1]     ; 13.715 ; 13.715 ; 13.715 ; 13.715 ;
; SW[3]      ; HEX0[2]     ; 13.739 ; 13.739 ; 13.739 ; 13.739 ;
; SW[3]      ; HEX0[3]     ; 13.371 ; 13.371 ; 13.371 ; 13.371 ;
; SW[3]      ; HEX0[4]     ; 13.018 ; 13.018 ; 13.018 ; 13.018 ;
; SW[3]      ; HEX0[5]     ; 13.506 ; 13.506 ; 13.506 ; 13.506 ;
; SW[3]      ; HEX0[6]     ; 13.279 ; 13.279 ; 13.279 ; 13.279 ;
; SW[3]      ; HEX1[0]     ; 11.859 ; 11.760 ; 11.760 ; 11.859 ;
; SW[3]      ; HEX1[2]     ; 11.656 ; 11.755 ; 11.755 ; 11.656 ;
; SW[3]      ; HEX1[3]     ; 12.014 ; 11.915 ; 11.915 ; 12.014 ;
; SW[3]      ; HEX1[4]     ; 10.466 ; 10.367 ; 10.367 ; 10.466 ;
; SW[3]      ; HEX1[5]     ; 10.812 ; 10.713 ; 10.713 ; 10.812 ;
; SW[3]      ; HEX1[6]     ; 8.271  ; 8.370  ; 8.370  ; 8.271  ;
; SW[10]     ; HEX0[0]     ; 16.447 ; 16.447 ; 16.447 ; 16.447 ;
; SW[10]     ; HEX0[1]     ; 16.165 ; 16.165 ; 16.165 ; 16.165 ;
; SW[10]     ; HEX0[2]     ; 16.189 ; 16.189 ; 16.189 ; 16.189 ;
; SW[10]     ; HEX0[3]     ; 15.821 ; 15.821 ; 15.821 ; 15.821 ;
; SW[10]     ; HEX0[4]     ; 15.468 ; 15.468 ; 15.468 ; 15.468 ;
; SW[10]     ; HEX0[5]     ; 15.956 ; 15.956 ; 15.956 ; 15.956 ;
; SW[10]     ; HEX0[6]     ; 15.729 ; 15.729 ; 15.729 ; 15.729 ;
; SW[10]     ; HEX1[0]     ; 14.210 ; 14.210 ; 14.210 ; 14.210 ;
; SW[10]     ; HEX1[2]     ; 14.106 ; 14.106 ; 14.106 ; 14.106 ;
; SW[10]     ; HEX1[3]     ; 14.365 ; 14.365 ; 14.365 ; 14.365 ;
; SW[10]     ; HEX1[4]     ; 12.817 ; 12.817 ; 12.817 ; 12.817 ;
; SW[10]     ; HEX1[5]     ; 13.163 ; 13.163 ; 13.163 ; 13.163 ;
; SW[10]     ; HEX1[6]     ; 10.721 ; 10.721 ; 10.721 ; 10.721 ;
; SW[14]     ; HEX0[0]     ; 20.189 ; 20.189 ; 20.189 ; 20.189 ;
; SW[14]     ; HEX0[1]     ; 19.907 ; 19.907 ; 19.907 ; 19.907 ;
; SW[14]     ; HEX0[2]     ; 19.931 ; 19.931 ; 19.931 ; 19.931 ;
; SW[14]     ; HEX0[3]     ; 19.563 ; 19.563 ; 19.563 ; 19.563 ;
; SW[14]     ; HEX0[4]     ; 19.210 ; 19.210 ; 19.210 ; 19.210 ;
; SW[14]     ; HEX0[5]     ; 19.698 ; 19.698 ; 19.698 ; 19.698 ;
; SW[14]     ; HEX0[6]     ; 19.471 ; 19.471 ; 19.471 ; 19.471 ;
; SW[14]     ; HEX1[0]     ; 17.952 ; 17.952 ; 17.952 ; 17.952 ;
; SW[14]     ; HEX1[2]     ; 17.848 ; 17.848 ; 17.848 ; 17.848 ;
; SW[14]     ; HEX1[3]     ; 18.107 ; 18.107 ; 18.107 ; 18.107 ;
; SW[14]     ; HEX1[4]     ; 16.559 ; 16.559 ; 16.559 ; 16.559 ;
; SW[14]     ; HEX1[5]     ; 16.905 ; 16.905 ; 16.905 ; 16.905 ;
; SW[14]     ; HEX1[6]     ; 14.463 ; 14.463 ; 14.463 ; 14.463 ;
; SW[15]     ; HEX0[0]     ; 19.548 ; 19.548 ; 19.548 ; 19.548 ;
; SW[15]     ; HEX0[1]     ; 19.266 ; 19.266 ; 19.266 ; 19.266 ;
; SW[15]     ; HEX0[2]     ; 19.290 ; 19.290 ; 19.290 ; 19.290 ;
; SW[15]     ; HEX0[3]     ; 18.922 ; 18.922 ; 18.922 ; 18.922 ;
; SW[15]     ; HEX0[4]     ; 18.569 ; 18.569 ; 18.569 ; 18.569 ;
; SW[15]     ; HEX0[5]     ; 19.057 ; 19.057 ; 19.057 ; 19.057 ;
; SW[15]     ; HEX0[6]     ; 18.830 ; 18.830 ; 18.830 ; 18.830 ;
; SW[15]     ; HEX1[0]     ; 17.311 ; 17.311 ; 17.311 ; 17.311 ;
; SW[15]     ; HEX1[2]     ; 17.207 ; 17.207 ; 17.207 ; 17.207 ;
; SW[15]     ; HEX1[3]     ; 17.466 ; 17.466 ; 17.466 ; 17.466 ;
; SW[15]     ; HEX1[4]     ; 15.918 ; 15.918 ; 15.918 ; 15.918 ;
; SW[15]     ; HEX1[5]     ; 16.264 ; 16.264 ; 16.264 ; 16.264 ;
; SW[15]     ; HEX1[6]     ; 13.822 ; 13.822 ; 13.822 ; 13.822 ;
; SW[16]     ; HEX0[0]     ; 20.596 ; 20.596 ; 20.596 ; 20.596 ;
; SW[16]     ; HEX0[1]     ; 20.314 ; 20.314 ; 20.314 ; 20.314 ;
; SW[16]     ; HEX0[2]     ; 20.338 ; 20.338 ; 20.338 ; 20.338 ;
; SW[16]     ; HEX0[3]     ; 19.970 ; 19.970 ; 19.970 ; 19.970 ;
; SW[16]     ; HEX0[4]     ; 19.617 ; 19.617 ; 19.617 ; 19.617 ;
; SW[16]     ; HEX0[5]     ; 20.105 ; 20.105 ; 20.105 ; 20.105 ;
; SW[16]     ; HEX0[6]     ; 19.878 ; 19.878 ; 19.878 ; 19.878 ;
; SW[16]     ; HEX1[0]     ; 18.359 ; 18.359 ; 18.359 ; 18.359 ;
; SW[16]     ; HEX1[2]     ; 18.255 ; 18.255 ; 18.255 ; 18.255 ;
; SW[16]     ; HEX1[3]     ; 18.514 ; 18.514 ; 18.514 ; 18.514 ;
; SW[16]     ; HEX1[4]     ; 16.966 ; 16.966 ; 16.966 ; 16.966 ;
; SW[16]     ; HEX1[5]     ; 17.312 ; 17.312 ; 17.312 ; 17.312 ;
; SW[16]     ; HEX1[6]     ; 14.870 ; 14.870 ; 14.870 ; 14.870 ;
; SW[17]     ; HEX0[0]     ; 18.640 ; 18.640 ; 18.640 ; 18.640 ;
; SW[17]     ; HEX0[1]     ; 18.358 ; 18.358 ; 18.358 ; 18.358 ;
; SW[17]     ; HEX0[2]     ; 18.382 ; 18.382 ; 18.382 ; 18.382 ;
; SW[17]     ; HEX0[3]     ; 18.014 ; 18.014 ; 18.014 ; 18.014 ;
; SW[17]     ; HEX0[4]     ; 17.661 ; 17.661 ; 17.661 ; 17.661 ;
; SW[17]     ; HEX0[5]     ; 18.149 ; 18.149 ; 18.149 ; 18.149 ;
; SW[17]     ; HEX0[6]     ; 17.922 ; 17.922 ; 17.922 ; 17.922 ;
; SW[17]     ; HEX1[0]     ; 16.403 ; 16.403 ; 16.403 ; 16.403 ;
; SW[17]     ; HEX1[2]     ; 16.299 ; 16.299 ; 16.299 ; 16.299 ;
; SW[17]     ; HEX1[3]     ; 16.558 ; 16.558 ; 16.558 ; 16.558 ;
; SW[17]     ; HEX1[4]     ; 15.010 ; 15.010 ; 15.010 ; 15.010 ;
; SW[17]     ; HEX1[5]     ; 15.356 ; 15.356 ; 15.356 ; 15.356 ;
; SW[17]     ; HEX1[6]     ; 12.914 ; 12.914 ; 12.914 ; 12.914 ;
+------------+-------------+--------+--------+--------+--------+


+----------------------------------------------------------+
; Minimum Progagation Delay                                ;
+------------+-------------+-------+-------+-------+-------+
; Input Port ; Output Port ; RR    ; RF    ; FR    ; FF    ;
+------------+-------------+-------+-------+-------+-------+
; SW[0]      ; HEX0[0]     ; 4.446 ; 4.446 ; 4.446 ; 4.446 ;
; SW[0]      ; HEX0[1]     ; 4.288 ; 4.288 ; 4.288 ; 4.288 ;
; SW[0]      ; HEX0[2]     ; 4.299 ; 4.299 ; 4.299 ; 4.299 ;
; SW[0]      ; HEX0[3]     ; 4.517 ; 4.517 ; 4.517 ; 4.517 ;
; SW[0]      ; HEX0[4]     ; 4.389 ; 4.389 ; 4.389 ; 4.389 ;
; SW[0]      ; HEX0[5]     ; 4.645 ; 4.645 ; 4.645 ; 4.645 ;
; SW[0]      ; HEX0[6]     ; 4.457 ; 4.457 ; 4.457 ; 4.457 ;
; SW[0]      ; HEX1[0]     ; 5.334 ; 5.334 ; 5.334 ; 5.334 ;
; SW[0]      ; HEX1[2]     ; 5.211 ; 5.211 ; 5.211 ; 5.211 ;
; SW[0]      ; HEX1[3]     ; 5.355 ; 5.355 ; 5.355 ; 5.355 ;
; SW[0]      ; HEX1[4]     ; 4.845 ; 4.845 ; 4.845 ; 4.845 ;
; SW[0]      ; HEX1[5]     ; 4.848 ; 4.848 ; 4.848 ; 4.848 ;
; SW[0]      ; HEX1[6]     ; 4.920 ; 4.920 ; 4.920 ; 4.920 ;
; SW[1]      ; HEX0[0]     ; 4.962 ; 4.962 ; 4.962 ; 4.962 ;
; SW[1]      ; HEX0[1]     ; 4.809 ; 4.809 ; 4.809 ; 4.809 ;
; SW[1]      ; HEX0[2]     ; 4.819 ; 4.819 ; 4.819 ; 4.819 ;
; SW[1]      ; HEX0[3]     ; 4.655 ; 4.655 ; 4.655 ; 4.655 ;
; SW[1]      ; HEX0[4]     ; 4.709 ; 4.709 ; 4.709 ; 4.709 ;
; SW[1]      ; HEX0[5]     ; 4.796 ; 4.796 ; 4.796 ; 4.796 ;
; SW[1]      ; HEX0[6]     ; 4.617 ; 4.617 ; 4.617 ; 4.617 ;
; SW[1]      ; HEX1[0]     ; 4.993 ; 4.993 ; 4.993 ; 4.993 ;
; SW[1]      ; HEX1[2]     ; 4.870 ; 4.870 ; 4.870 ; 4.870 ;
; SW[1]      ; HEX1[3]     ; 5.014 ; 5.014 ; 5.014 ; 5.014 ;
; SW[1]      ; HEX1[4]     ; 4.496 ; 4.496 ; 4.496 ; 4.496 ;
; SW[1]      ; HEX1[5]     ; 4.507 ; 4.507 ; 4.507 ; 4.507 ;
; SW[1]      ; HEX1[6]     ; 4.579 ; 4.579 ; 4.579 ; 4.579 ;
; SW[2]      ; HEX0[0]     ; 5.533 ; 5.533 ; 5.533 ; 5.533 ;
; SW[2]      ; HEX0[1]     ; 5.272 ; 5.272 ; 5.272 ; 5.272 ;
; SW[2]      ; HEX0[2]     ; 5.274 ; 5.274 ; 5.274 ; 5.274 ;
; SW[2]      ; HEX0[3]     ; 5.243 ; 5.243 ; 5.243 ; 5.243 ;
; SW[2]      ; HEX0[4]     ; 4.952 ; 4.952 ; 4.952 ; 4.952 ;
; SW[2]      ; HEX0[5]     ; 5.364 ; 5.364 ; 5.364 ; 5.364 ;
; SW[2]      ; HEX0[6]     ; 5.201 ; 5.201 ; 5.201 ; 5.201 ;
; SW[2]      ; HEX1[0]     ; 5.041 ; 4.974 ; 4.974 ; 5.041 ;
; SW[2]      ; HEX1[2]     ; 4.851 ; 4.918 ; 4.918 ; 4.851 ;
; SW[2]      ; HEX1[3]     ; 5.062 ; 4.995 ; 4.995 ; 5.062 ;
; SW[2]      ; HEX1[4]     ; 4.796 ; 4.869 ; 4.869 ; 4.796 ;
; SW[2]      ; HEX1[5]     ; 4.488 ; 4.555 ; 4.555 ; 4.488 ;
; SW[2]      ; HEX1[6]     ; 4.627 ; 4.560 ; 4.560 ; 4.627 ;
; SW[3]      ; HEX0[0]     ; 4.959 ; 4.959 ; 4.959 ; 4.959 ;
; SW[3]      ; HEX0[1]     ; 5.041 ; 5.101 ; 5.101 ; 5.041 ;
; SW[3]      ; HEX0[2]     ; 5.103 ; 5.043 ; 5.043 ; 5.103 ;
; SW[3]      ; HEX0[3]     ; 4.763 ; 4.763 ; 4.763 ; 4.763 ;
; SW[3]      ; HEX0[4]     ; 4.804 ; 4.804 ; 4.804 ; 4.804 ;
; SW[3]      ; HEX0[5]     ; 4.790 ; 4.790 ; 4.790 ; 4.790 ;
; SW[3]      ; HEX0[6]     ; 4.790 ; 4.790 ; 4.790 ; 4.790 ;
; SW[3]      ; HEX1[0]     ; 4.467 ; 4.429 ; 4.429 ; 4.467 ;
; SW[3]      ; HEX1[2]     ; 4.306 ; 4.344 ; 4.344 ; 4.306 ;
; SW[3]      ; HEX1[3]     ; 4.488 ; 4.450 ; 4.450 ; 4.488 ;
; SW[3]      ; HEX1[4]     ; 4.233 ; 4.397 ; 4.397 ; 4.233 ;
; SW[3]      ; HEX1[5]     ; 3.943 ; 3.981 ; 3.981 ; 3.943 ;
; SW[3]      ; HEX1[6]     ; 4.053 ; 4.015 ; 4.015 ; 4.053 ;
; SW[10]     ; HEX0[0]     ; 4.459 ; 4.459 ; 4.459 ; 4.459 ;
; SW[10]     ; HEX0[1]     ; 4.301 ; 4.301 ; 4.301 ; 4.301 ;
; SW[10]     ; HEX0[2]     ; 4.312 ; 4.312 ; 4.312 ; 4.312 ;
; SW[10]     ; HEX0[3]     ; 4.530 ; 4.530 ; 4.530 ; 4.530 ;
; SW[10]     ; HEX0[4]     ; 4.402 ; 4.402 ; 4.402 ; 4.402 ;
; SW[10]     ; HEX0[5]     ; 4.658 ; 4.658 ; 4.658 ; 4.658 ;
; SW[10]     ; HEX0[6]     ; 4.470 ; 4.470 ; 4.470 ; 4.470 ;
; SW[10]     ; HEX1[0]     ; 5.349 ; 5.349 ; 5.349 ; 5.349 ;
; SW[10]     ; HEX1[2]     ; 5.226 ; 5.226 ; 5.226 ; 5.226 ;
; SW[10]     ; HEX1[3]     ; 5.370 ; 5.370 ; 5.370 ; 5.370 ;
; SW[10]     ; HEX1[4]     ; 4.860 ; 4.860 ; 4.860 ; 4.860 ;
; SW[10]     ; HEX1[5]     ; 4.863 ; 4.863 ; 4.863 ; 4.863 ;
; SW[10]     ; HEX1[6]     ; 4.935 ; 4.935 ; 4.935 ; 4.935 ;
; SW[14]     ; HEX0[0]     ; 6.782 ; 6.782 ; 6.782 ; 6.782 ;
; SW[14]     ; HEX0[1]     ; 6.624 ; 6.624 ; 6.624 ; 6.624 ;
; SW[14]     ; HEX0[2]     ; 6.635 ; 6.635 ; 6.635 ; 6.635 ;
; SW[14]     ; HEX0[3]     ; 6.853 ; 6.853 ; 6.853 ; 6.853 ;
; SW[14]     ; HEX0[4]     ; 6.725 ; 6.725 ; 6.725 ; 6.725 ;
; SW[14]     ; HEX0[5]     ; 6.981 ; 6.981 ; 6.981 ; 6.981 ;
; SW[14]     ; HEX0[6]     ; 6.793 ; 6.793 ; 6.793 ; 6.793 ;
; SW[14]     ; HEX1[0]     ; 7.661 ; 7.661 ; 7.661 ; 7.661 ;
; SW[14]     ; HEX1[2]     ; 7.538 ; 7.538 ; 7.538 ; 7.538 ;
; SW[14]     ; HEX1[3]     ; 7.682 ; 7.682 ; 7.682 ; 7.682 ;
; SW[14]     ; HEX1[4]     ; 7.172 ; 7.172 ; 7.172 ; 7.172 ;
; SW[14]     ; HEX1[5]     ; 7.175 ; 7.175 ; 7.175 ; 7.175 ;
; SW[14]     ; HEX1[6]     ; 7.247 ; 7.247 ; 7.247 ; 7.247 ;
; SW[15]     ; HEX0[0]     ; 7.297 ; 7.297 ; 7.297 ; 7.297 ;
; SW[15]     ; HEX0[1]     ; 7.144 ; 7.144 ; 7.144 ; 7.144 ;
; SW[15]     ; HEX0[2]     ; 7.154 ; 7.154 ; 7.154 ; 7.154 ;
; SW[15]     ; HEX0[3]     ; 6.990 ; 6.990 ; 6.990 ; 6.990 ;
; SW[15]     ; HEX0[4]     ; 7.108 ; 7.108 ; 7.108 ; 7.108 ;
; SW[15]     ; HEX0[5]     ; 7.131 ; 7.131 ; 7.131 ; 7.131 ;
; SW[15]     ; HEX0[6]     ; 6.952 ; 6.952 ; 6.952 ; 6.952 ;
; SW[15]     ; HEX1[0]     ; 7.400 ; 7.400 ; 7.400 ; 7.400 ;
; SW[15]     ; HEX1[2]     ; 7.277 ; 7.277 ; 7.277 ; 7.277 ;
; SW[15]     ; HEX1[3]     ; 7.421 ; 7.421 ; 7.421 ; 7.421 ;
; SW[15]     ; HEX1[4]     ; 6.898 ; 6.898 ; 6.898 ; 6.898 ;
; SW[15]     ; HEX1[5]     ; 6.914 ; 6.914 ; 6.914 ; 6.914 ;
; SW[15]     ; HEX1[6]     ; 6.986 ; 6.986 ; 6.986 ; 6.986 ;
; SW[16]     ; HEX0[0]     ; 8.026 ; 8.026 ; 8.026 ; 8.026 ;
; SW[16]     ; HEX0[1]     ; 7.786 ; 7.786 ; 7.786 ; 7.786 ;
; SW[16]     ; HEX0[2]     ; 7.788 ; 7.788 ; 7.788 ; 7.788 ;
; SW[16]     ; HEX0[3]     ; 7.757 ; 7.757 ; 7.757 ; 7.757 ;
; SW[16]     ; HEX0[4]     ; 7.466 ; 7.466 ; 7.466 ; 7.466 ;
; SW[16]     ; HEX0[5]     ; 7.816 ; 7.816 ; 7.816 ; 7.816 ;
; SW[16]     ; HEX0[6]     ; 7.715 ; 7.715 ; 7.715 ; 7.715 ;
; SW[16]     ; HEX1[0]     ; 7.534 ; 7.408 ; 7.408 ; 7.534 ;
; SW[16]     ; HEX1[2]     ; 7.285 ; 7.411 ; 7.411 ; 7.285 ;
; SW[16]     ; HEX1[3]     ; 7.555 ; 7.429 ; 7.429 ; 7.555 ;
; SW[16]     ; HEX1[4]     ; 7.230 ; 7.383 ; 7.383 ; 7.230 ;
; SW[16]     ; HEX1[5]     ; 6.922 ; 7.048 ; 7.048 ; 6.922 ;
; SW[16]     ; HEX1[6]     ; 7.120 ; 6.994 ; 6.994 ; 7.120 ;
; SW[17]     ; HEX0[0]     ; 7.769 ; 7.769 ; 7.769 ; 7.769 ;
; SW[17]     ; HEX0[1]     ; 7.853 ; 7.913 ; 7.913 ; 7.853 ;
; SW[17]     ; HEX0[2]     ; 7.915 ; 7.855 ; 7.855 ; 7.915 ;
; SW[17]     ; HEX0[3]     ; 7.573 ; 7.573 ; 7.573 ; 7.573 ;
; SW[17]     ; HEX0[4]     ; 7.616 ; 7.616 ; 7.616 ; 7.616 ;
; SW[17]     ; HEX0[5]     ; 7.600 ; 7.600 ; 7.600 ; 7.600 ;
; SW[17]     ; HEX0[6]     ; 7.600 ; 7.600 ; 7.600 ; 7.600 ;
; SW[17]     ; HEX1[0]     ; 7.277 ; 7.241 ; 7.241 ; 7.277 ;
; SW[17]     ; HEX1[2]     ; 7.118 ; 7.154 ; 7.154 ; 7.118 ;
; SW[17]     ; HEX1[3]     ; 7.298 ; 7.262 ; 7.262 ; 7.298 ;
; SW[17]     ; HEX1[4]     ; 7.045 ; 7.207 ; 7.207 ; 7.045 ;
; SW[17]     ; HEX1[5]     ; 6.755 ; 6.791 ; 6.791 ; 6.755 ;
; SW[17]     ; HEX1[6]     ; 6.863 ; 6.827 ; 6.827 ; 6.863 ;
+------------+-------------+-------+-------+-------+-------+


-------------------
; Clock Transfers ;
-------------------
Nothing to report.


---------------
; Report TCCS ;
---------------
No dedicated SERDES Transmitter circuitry present in device or used in design


---------------
; Report RSKM ;
---------------
No dedicated SERDES Receiver circuitry present in device or used in design


+------------------------------------------------+
; Unconstrained Paths                            ;
+---------------------------------+-------+------+
; Property                        ; Setup ; Hold ;
+---------------------------------+-------+------+
; Illegal Clocks                  ; 0     ; 0    ;
; Unconstrained Clocks            ; 0     ; 0    ;
; Unconstrained Input Ports       ; 9     ; 9    ;
; Unconstrained Input Port Paths  ; 117   ; 117  ;
; Unconstrained Output Ports      ; 13    ; 13   ;
; Unconstrained Output Port Paths ; 117   ; 117  ;
+---------------------------------+-------+------+


+------------------------------------+
; TimeQuest Timing Analyzer Messages ;
+------------------------------------+
Info: *******************************************************************
Info: Running Quartus II 64-Bit TimeQuest Timing Analyzer
    Info: Version 13.0.1 Build 232 06/12/2013 Service Pack 1 SJ Web Edition
    Info: Processing started: Thu Oct 19 16:40:31 2023
Info: Command: quartus_sta soma4bit -c soma4bit
Info: qsta_default_script.tcl version: #1
Warning (20028): Parallel compilation is not licensed and has been disabled
Info (21077): Low junction temperature is 0 degrees C
Info (21077): High junction temperature is 85 degrees C
Critical Warning (332012): Synopsys Design Constraints File file not found: 'soma4bit.sdc'. A Synopsys Design Constraints File is required by the TimeQuest Timing Analyzer to get proper timing constraints. Without it, the Compiler will not properly optimize the design.
Info (332142): No user constrained base clocks found in the design. Calling "derive_clocks -period 1.0"
Info (332096): The command derive_clocks did not find any clocks to derive.  No clocks were created or changed.
Warning (332068): No clocks defined in design.
Info: Found TIMEQUEST_REPORT_SCRIPT_INCLUDE_DEFAULT_ANALYSIS = ON
Info (332159): No clocks to report
Info: Analyzing Slow Model
Info (332140): No fmax paths to report
Info (332140): No Setup paths to report
Info (332140): No Hold paths to report
Info (332140): No Recovery paths to report
Info (332140): No Removal paths to report
Info (332140): No Minimum Pulse Width paths to report
Info (332001): The selected device family is not supported by the report_metastability command.
Info: Analyzing Fast Model
Info (332142): No user constrained base clocks found in the design. Calling "derive_clocks -period 1.0"
Info (332096): The command derive_clocks did not find any clocks to derive.  No clocks were created or changed.
Warning (332068): No clocks defined in design.
Info (332140): No Setup paths to report
Info (332140): No Hold paths to report
Info (332140): No Recovery paths to report
Info (332140): No Removal paths to report
Info (332140): No Minimum Pulse Width paths to report
Info (332001): The selected device family is not supported by the report_metastability command.
Info (332102): Design is not fully constrained for setup requirements
Info (332102): Design is not fully constrained for hold requirements
Info: Quartus II 64-Bit TimeQuest Timing Analyzer was successful. 0 errors, 4 warnings
    Info: Peak virtual memory: 4543 megabytes
    Info: Processing ended: Thu Oct 19 16:40:32 2023
    Info: Elapsed time: 00:00:01
    Info: Total CPU time (on all processors): 00:00:00


